15.4472 	INFO 	Loaded monitor calibration from ['2020_06_22 15:24']
15.4561 	WARNING 	User requested fullscreen with size [1024  768], but screen is actually [2560, 1440]. Using actual size
15.5754 	INFO 	Using renderer 'Apple M1 Max' for graphics
15.5755 	INFO 	OpenGL version supported by driver is 2..
15.5903 	EXP 	Created window1 = Window(allowGUI=True, allowStencil=False, autoLog=True, backendConf=UNKNOWN, backgroundFit=<method-wrapper '__getattribute__' of attributeSetter object at 0x16d2d0070>, backgroundImage=<method-wrapper '__getattribute__' of attributeSetter object at 0x16d2d2980>, bitsMode=UNKNOWN, blendMode='avg', bpc=(8, 8, 8), color=array([0, 0, 0]), colorSpace='rgb', depthBits=8, fullscr=True, gamma=None, gammaErrorPolicy='raise', infoMsg=UNKNOWN, lms=UNKNOWN, monitor=<psychopy.monitors.calibTools.Monitor object at 0x16ce4a110>, multiSample=False, name='window1', numSamples=2, pos=[np.float64(0.0), np.float64(0.0)], screen=0, size=array([2560, 1440]), stencilBits=0, stereo=False, title='PsychoPy', units='height', useFBO=True, useRetina=False, viewOri=0.0, viewPos=None, viewScale=None, waitBlanking=True, winType='pyglet')
15.5904 	EXP 	window1: backgroundImage = ''
15.5904 	EXP 	window1: backgroundFit = 'none'
15.9576 	EXP 	window1: Attempting to measure frame rate of screen (0) ...
15.9577 	EXP 	window1: recordFrameIntervals = False
16.0705 	EXP 	window1: recordFrameIntervals = True
16.9049 	WARNING 	Couldn't measure a consistent frame rate!
  - Is your graphics card set to sync to vertical blank?
  - Are you running other processes on your computer?

17.5645 	INFO 	keyboard.Keyboard is using ptb backend.
17.5646 	EXP 	WMpsilocybin_v1: status = STARTED
17.5684 	EXP 	Created ITI_fix = Rect(__class__=<class 'psychopy.visual.rect.Rect'>, anchor=('center', 'center'), autoDraw=False, autoLog=True, closeShape=True, color=method-wrapper(...), colorSpace='rgb', contrast=None, depth=0.0, draggable=False, fillColor=array([-1, -1, -1]), fillColorSpace='rgb', fillRGB=array([-1, -1, -1]), interpolate=True, lineColor=array([-1., -1., -1.]), lineColorSpace='rgb', lineRGB=array([-1, -1, -1]), lineWidth=1.0, name='ITI_fix', opacity=1, ori=0.0, pos=array([0., 0.]), size=array([0.01, 0.01]), units='height', vertices=ndarray(...), win=Window(...))
17.5693 	EXP 	Created mem_fix = Rect(__class__=<class 'psychopy.visual.rect.Rect'>, anchor=('center', 'center'), autoDraw=False, autoLog=True, closeShape=True, color=method-wrapper(...), colorSpace='rgb', contrast=None, depth=-1.0, draggable=False, fillColor=array([-1, -1, -1]), fillColorSpace='rgb', fillRGB=array([-1, -1, -1]), interpolate=True, lineColor=array([-1., -1., -1.]), lineColorSpace='rgb', lineRGB=array([-1, -1, -1]), lineWidth=1.0, name='mem_fix', opacity=1, ori=0.0, pos=array([0., 0.]), size=array([0.01, 0.01]), units='height', vertices=ndarray(...), win=Window(...))
17.5748 	EXP 	Created memCircle = ShapeStim(__class__=<class 'psychopy.visual.shape.ShapeStim'>, anchor=('center', 'center'), autoDraw=False, autoLog=True, closeShape=True, color=method-wrapper(...), colorSpace='rgb', contrast=None, depth=-2.0, draggable=False, fillColor=array([0, 0, 0]), fillColorSpace='rgb', fillRGB=array([0, 0, 0]), interpolate=True, lineColor=array([0.00392157, 0.00392157, 0.00392157]), lineColorSpace='rgb', lineRGB=array([0.00392157, 0.00392157, 0.00392157]), lineWidth=1.0, name='memCircle', opacity=1, ori=0.0, pos=array([0., 0.]), size=array([0.45, 0.45]), units='height', vertices=ndarray(...), win=Window(...), windingRule=None)
17.5770 	EXP 	Created test_circle = ShapeStim(__class__=<class 'psychopy.visual.shape.ShapeStim'>, anchor=('center', 'center'), autoDraw=False, autoLog=True, closeShape=True, color=method-wrapper(...), colorSpace='rgb', contrast=None, depth=-3.0, draggable=False, fillColor=array([0, 0, 0]), fillColorSpace='rgb', fillRGB=array([0, 0, 0]), interpolate=True, lineColor=array([1., 1., 1.]), lineColorSpace='rgb', lineRGB=array([1, 1, 1]), lineWidth=1.0, name='test_circle', opacity=1, ori=0.0, pos=array([0., 0.]), size=array([0.45, 0.45]), units='height', vertices=ndarray(...), win=Window(...), windingRule=None)
17.5792 	EXP 	Created dot0 = ShapeStim(__class__=<class 'psychopy.visual.shape.ShapeStim'>, anchor=('center', 'center'), autoDraw=False, autoLog=True, closeShape=True, color=method-wrapper(...), colorSpace='rgb', contrast=None, depth=-4.0, draggable=False, fillColor=array([1, 1, 1]), fillColorSpace='rgb', fillRGB=array([1, 1, 1]), interpolate=True, lineColor=array([1., 1., 1.]), lineColorSpace='rgb', lineRGB=array([1, 1, 1]), lineWidth=1.0, name='dot0', opacity=1, ori=0.0, pos=array([0., 0.]), size=array([0.02, 0.02]), units='height', vertices=ndarray(...), win=Window(...), windingRule=None)
17.5814 	EXP 	Created dot1 = ShapeStim(__class__=<class 'psychopy.visual.shape.ShapeStim'>, anchor=('center', 'center'), autoDraw=False, autoLog=True, closeShape=True, color=method-wrapper(...), colorSpace='rgb', contrast=None, depth=-5.0, draggable=False, fillColor=array([1, 1, 1]), fillColorSpace='rgb', fillRGB=array([1, 1, 1]), interpolate=True, lineColor=array([1., 1., 1.]), lineColorSpace='rgb', lineRGB=array([1, 1, 1]), lineWidth=1.0, name='dot1', opacity=1, ori=0.0, pos=array([0., 0.]), size=array([0.02, 0.02]), units='height', vertices=ndarray(...), win=Window(...), windingRule=None)
17.5835 	EXP 	Created dot2 = ShapeStim(__class__=<class 'psychopy.visual.shape.ShapeStim'>, anchor=('center', 'center'), autoDraw=False, autoLog=True, closeShape=True, color=method-wrapper(...), colorSpace='rgb', contrast=None, depth=-6.0, draggable=False, fillColor=array([1, 1, 1]), fillColorSpace='rgb', fillRGB=array([1, 1, 1]), interpolate=True, lineColor=array([1., 1., 1.]), lineColorSpace='rgb', lineRGB=array([1, 1, 1]), lineWidth=1.0, name='dot2', opacity=1, ori=0.0, pos=array([0., 0.]), size=array([0.02, 0.02]), units='height', vertices=ndarray(...), win=Window(...), windingRule=None)
17.5857 	EXP 	Created dot3 = ShapeStim(__class__=<class 'psychopy.visual.shape.ShapeStim'>, anchor=('center', 'center'), autoDraw=False, autoLog=True, closeShape=True, color=method-wrapper(...), colorSpace='rgb', contrast=None, depth=-7.0, draggable=False, fillColor=array([1, 1, 1]), fillColorSpace='rgb', fillRGB=array([1, 1, 1]), interpolate=True, lineColor=array([1., 1., 1.]), lineColorSpace='rgb', lineRGB=array([1, 1, 1]), lineWidth=1.0, name='dot3', opacity=1, ori=0.0, pos=array([0., 0.]), size=array([0.02, 0.02]), units='height', vertices=ndarray(...), win=Window(...), windingRule=None)
17.5879 	EXP 	Created dot4 = ShapeStim(__class__=<class 'psychopy.visual.shape.ShapeStim'>, anchor=('center', 'center'), autoDraw=False, autoLog=True, closeShape=True, color=method-wrapper(...), colorSpace='rgb', contrast=None, depth=-8.0, draggable=False, fillColor=array([1, 1, 1]), fillColorSpace='rgb', fillRGB=array([1, 1, 1]), interpolate=True, lineColor=array([1., 1., 1.]), lineColorSpace='rgb', lineRGB=array([1, 1, 1]), lineWidth=1.0, name='dot4', opacity=1, ori=0.0, pos=array([0., 0.]), size=array([0.02, 0.02]), units='height', vertices=ndarray(...), win=Window(...), windingRule=None)
17.5887 	EXP 	Created delay_fix = Rect(__class__=<class 'psychopy.visual.rect.Rect'>, anchor=('center', 'center'), autoDraw=False, autoLog=True, closeShape=True, color=method-wrapper(...), colorSpace='rgb', contrast=None, depth=0.0, draggable=False, fillColor=array([-1, -1, -1]), fillColorSpace='rgb', fillRGB=array([-1, -1, -1]), interpolate=True, lineColor=array([-1., -1., -1.]), lineColorSpace='rgb', lineRGB=array([-1, -1, -1]), lineWidth=1.0, name='delay_fix', opacity=1, ori=0.0, pos=array([0., 0.]), size=array([0.01, 0.01]), units='height', vertices=ndarray(...), win=Window(...))
17.5894 	EXP 	Created report_fix = Rect(__class__=<class 'psychopy.visual.rect.Rect'>, anchor=('center', 'center'), autoDraw=False, autoLog=True, closeShape=True, color=method-wrapper(...), colorSpace='rgb', contrast=None, depth=-1.0, draggable=False, fillColor=array([-1, -1, -1]), fillColorSpace='rgb', fillRGB=array([-1, -1, -1]), interpolate=True, lineColor=array([-1., -1., -1.]), lineColorSpace='rgb', lineRGB=array([-1, -1, -1]), lineWidth=1.0, name='report_fix', opacity=1, ori=0.0, pos=array([0., 0.]), size=array([0.01, 0.01]), units='height', vertices=ndarray(...), win=Window(...))
17.5915 	EXP 	Created reportCircle = ShapeStim(__class__=<class 'psychopy.visual.shape.ShapeStim'>, anchor=('center', 'center'), autoDraw=False, autoLog=True, closeShape=True, color=method-wrapper(...), colorSpace='rgb', contrast=None, depth=-2.0, draggable=False, fillColor=array([0, 0, 0]), fillColorSpace='rgb', fillRGB=array([0, 0, 0]), interpolate=True, lineColor=array([1., 1., 1.]), lineColorSpace='rgb', lineRGB=array([1, 1, 1]), lineWidth=1.0, name='reportCircle', opacity=1, ori=0.0, pos=array([0., 0.]), size=array([0.45, 0.45]), units='height', vertices=ndarray(...), win=Window(...), windingRule=None)
0.0033 	EXP 	New trial (rep=0, index=0): <Trial 0 (0 in rep 0) data={'thisN': 0, 'thisTrialN': 0, 'thisRepN': 0}>
0.0074 	EXP 	ITI_fix: autoDraw = True
1.0316 	INFO 	Keyboard events cleared
1.0315 	WARNING 	t of last frame was 30.94ms (=1/32)
1.0315 	EXP 	ITI_fix: autoDraw = False
1.0315 	EXP 	dot0: fillColor = 'red'
1.0315 	EXP 	dot0: borderColor = 'red'
1.0315 	EXP 	dot1: fillColor = 'green'
1.0315 	EXP 	dot1: borderColor = 'green'
1.0315 	EXP 	dot2: fillColor = 'blue'
1.0315 	EXP 	dot2: borderColor = 'blue'
1.0315 	EXP 	dot3: fillColor = 'yellow'
1.0315 	EXP 	dot3: borderColor = 'yellow'
1.0315 	EXP 	dot4: fillColor = 'magenta'
1.0315 	EXP 	dot4: borderColor = 'magenta'
1.0315 	EXP 	mem_fix: autoDraw = True
1.0315 	EXP 	memCircle: autoDraw = True
1.0315 	EXP 	test_circle: autoDraw = True
1.0315 	EXP 	dot0: autoDraw = True
1.0315 	EXP 	dot1: autoDraw = True
1.0315 	EXP 	dot2: autoDraw = True
1.0315 	EXP 	dot3: autoDraw = True
1.0315 	EXP 	dot4: autoDraw = True
4.6470 	EXP 	Device response: <KeyPress from None: t=4.5325526659726165, value=space, duration=None>
4.6501 	DATA 	Keypress: space
4.6528 	WARNING 	t of last frame was 118.50ms (=1/8)
4.6528 	EXP 	mem_fix: autoDraw = False
4.6528 	EXP 	memCircle: autoDraw = False
4.6528 	EXP 	test_circle: autoDraw = False
4.6528 	EXP 	dot0: autoDraw = False
4.6528 	EXP 	dot1: autoDraw = False
4.6528 	EXP 	dot2: autoDraw = False
4.6528 	EXP 	dot3: autoDraw = False
4.6528 	EXP 	dot4: autoDraw = False
4.6528 	EXP 	delay_fix: autoDraw = True
4.6844 	EXP 	Device response: <KeyPress from None: t=4.5325526659726165, value=space, duration=0.14399137505097315>
5.6435 	EXP 	delay_fix: autoDraw = False
5.6435 	EXP 	delay_fix: autoDraw = False
5.6435 	EXP 	dot0: autoDraw = True
5.6435 	EXP 	dot1: autoDraw = True
5.6435 	EXP 	dot2: autoDraw = True
5.6435 	EXP 	dot3: autoDraw = True
5.6435 	EXP 	dot4: autoDraw = True
5.6435 	EXP 	dot0: fillColor = 'red'
5.6435 	EXP 	dot0: borderColor = 'red'
5.6435 	EXP 	dot1: fillColor = 'green'
5.6435 	EXP 	dot1: borderColor = 'green'
5.6435 	EXP 	dot2: fillColor = 'blue'
5.6435 	EXP 	dot2: borderColor = 'blue'
5.6435 	EXP 	dot3: fillColor = 'yellow'
5.6435 	EXP 	dot3: borderColor = 'yellow'
5.6435 	EXP 	dot4: fillColor = 'magenta'
5.6435 	EXP 	dot4: borderColor = 'magenta'
5.6435 	EXP 	report_fix: autoDraw = True
5.6435 	EXP 	reportCircle: autoDraw = True
7.4035 	DATA 	Mouse: Left button down, pos=(885,264)
7.5034 	DATA 	Mouse:  Left button up, pos=(885,264)
9.5886 	DATA 	Mouse: Left button down, pos=(1015,900)
9.7052 	DATA 	Mouse:  Left button up, pos=(1015,900)
11.7907 	DATA 	Mouse: Left button down, pos=(1083,267)
11.9115 	DATA 	Mouse:  Left button up, pos=(1083,267)
13.6252 	DATA 	Mouse: Left button down, pos=(1600,771)
13.7251 	DATA 	Mouse:  Left button up, pos=(1600,771)
15.6602 	DATA 	Mouse: Left button down, pos=(1091,267)
15.7796 	DATA 	Mouse:  Left button up, pos=(1091,267)
17.0116 	DATA 	Mouse: Left button down, pos=(1194,407)
17.1473 	DATA 	Mouse:  Left button up, pos=(1194,407)
18.8359 	DATA 	Mouse: Left button down, pos=(1486,265)
18.9628 	DATA 	Mouse:  Left button up, pos=(1486,265)
20.4975 	DATA 	Mouse: Left button down, pos=(1564,560)
20.6166 	DATA 	Mouse:  Left button up, pos=(1564,560)
21.3676 	DATA 	Mouse: Left button down, pos=(1552,554)
21.4383 	DATA 	Mouse:  Left button up, pos=(1553,554)
22.7160 	DATA 	Mouse: Left button down, pos=(1281,265)
22.8354 	DATA 	Mouse:  Left button up, pos=(1281,265)
24.3007 	DATA 	Mouse: Left button down, pos=(1265,1043)
24.4673 	DATA 	Mouse:  Left button up, pos=(1265,1043)
26.0353 	DATA 	Mouse: Left button down, pos=(1669,268)
26.2021 	DATA 	Mouse:  Left button up, pos=(1669,268)
28.1064 	DATA 	Mouse: Left button down, pos=(955,747)
28.2437 	DATA 	Mouse:  Left button up, pos=(955,747)
29.0715 	DATA 	Mouse: Left button down, pos=(958,746)
29.2113 	DATA 	Mouse:  Left button up, pos=(958,746)
30.6433 	DATA 	Mouse: Left button down, pos=(1483,268)
30.7627 	DATA 	Mouse:  Left button up, pos=(1483,268)
31.9942 	DATA 	Mouse: Left button down, pos=(1269,396)
32.1904 	DATA 	Mouse:  Left button up, pos=(1269,396)
32.9938 	DATA 	Mouse: Left button down, pos=(1263,392)
33.1745 	DATA 	Mouse:  Left button up, pos=(1263,392)
33.7625 	DATA 	Mouse: Left button down, pos=(1264,395)
33.9251 	DATA 	Mouse:  Left button up, pos=(1264,395)
34.2988 	DATA 	Mouse: Left button down, pos=(1180,418)
34.3094 	EXP 	New trial (rep=1, index=0): <Trial 1 (0 in rep 1) data={'thisN': 1, 'thisTrialN': 0, 'thisRepN': 1}>
34.3109 	EXP 	report_fix: autoDraw = False
34.3109 	EXP 	reportCircle: autoDraw = False
34.3109 	EXP 	dot0: autoDraw = False
34.3109 	EXP 	dot1: autoDraw = False
34.3109 	EXP 	dot2: autoDraw = False
34.3109 	EXP 	dot3: autoDraw = False
34.3109 	EXP 	dot4: autoDraw = False
34.3109 	EXP 	ITI_fix: autoDraw = True
34.4429 	DATA 	Mouse:  Left button up, pos=(1180,418)
35.3090 	INFO 	Keyboard events cleared
35.3089 	EXP 	ITI_fix: autoDraw = False
35.3089 	EXP 	ITI_fix: autoDraw = False
35.3089 	EXP 	dot0: fillColor = 'red'
35.3089 	EXP 	dot0: borderColor = 'red'
35.3089 	EXP 	dot1: fillColor = 'green'
35.3089 	EXP 	dot1: borderColor = 'green'
35.3089 	EXP 	dot2: fillColor = 'blue'
35.3089 	EXP 	dot2: borderColor = 'blue'
35.3089 	EXP 	dot3: fillColor = 'yellow'
35.3089 	EXP 	dot3: borderColor = 'yellow'
35.3089 	EXP 	dot4: fillColor = 'magenta'
35.3089 	EXP 	dot4: borderColor = 'magenta'
35.3089 	EXP 	mem_fix: autoDraw = True
35.3089 	EXP 	memCircle: autoDraw = True
35.3089 	EXP 	test_circle: autoDraw = True
35.3089 	EXP 	dot0: autoDraw = True
35.3089 	EXP 	dot1: autoDraw = True
35.3089 	EXP 	dot2: autoDraw = True
35.3089 	EXP 	dot3: autoDraw = True
35.3089 	EXP 	dot4: autoDraw = True
36.0947 	EXP 	Device response: <KeyPress from None: t=36.084464040992316, value=escape, duration=None>
36.1180 	DATA 	Keypress: escape
36.1204 	WARNING 	t of last frame was 26.94ms (=1/37)
36.2303 	EXP 	Device response: <KeyPress from None: t=36.084464040992316, value=escape, duration=0.14395875000627711>
36.2303 	EXP 	WMpsilocybin_v1: status = STOPPED
36.2436 	EXP 	mem_fix: autoDraw = False
36.2436 	EXP 	memCircle: autoDraw = False
36.2436 	EXP 	test_circle: autoDraw = False
36.2436 	EXP 	dot0: autoDraw = False
36.2436 	EXP 	dot1: autoDraw = False
36.2436 	EXP 	dot2: autoDraw = False
36.2436 	EXP 	dot3: autoDraw = False
36.2436 	EXP 	dot4: autoDraw = False
36.2437 	EXP 	WMpsilocybin_v1: status = STOPPED
36.2477 	INFO 	saved data to '/Users/calebjerinic-brodeur/Dropbox (ASU)/My Mac (Calebs-MacBook-Pro.local)/Documents/GitHub/WM_Psilocybin/data/109829_WMpsilocybin_v1_2026-01-12_15h49.00.921.csv'
36.2488 	INFO 	saved data to /Users/calebjerinic-brodeur/Dropbox (ASU)/My Mac (Calebs-MacBook-Pro.local)/Documents/GitHub/WM_Psilocybin/data/109829_WMpsilocybin_v1_2026-01-12_15h49.00.921.psydat
36.3542 	WARNING 	Stopping key buffers but this could be dangerous ifother keyboards rely on the same.
