16.3425 	INFO 	Loaded monitor calibration from ['2020_06_22 15:24']
16.3516 	WARNING 	User requested fullscreen with size [1024  768], but screen is actually [2560, 1440]. Using actual size
16.4739 	INFO 	Using renderer 'Apple M1 Max' for graphics
16.4739 	INFO 	OpenGL version supported by driver is 2..
16.4889 	EXP 	Created window1 = Window(allowGUI=False, allowStencil=False, autoLog=True, backendConf=UNKNOWN, backgroundFit=<method-wrapper '__getattribute__' of attributeSetter object at 0x170dc3c10>, backgroundImage=<method-wrapper '__getattribute__' of attributeSetter object at 0x170dc3c70>, bitsMode=UNKNOWN, blendMode='avg', bpc=(8, 8, 8), color=array([0, 0, 0]), colorSpace='rgb', depthBits=8, fullscr=True, gamma=None, gammaErrorPolicy='raise', infoMsg=UNKNOWN, lms=UNKNOWN, monitor=<psychopy.monitors.calibTools.Monitor object at 0x1711f6470>, multiSample=False, name='window1', numSamples=2, pos=[np.float64(0.0), np.float64(0.0)], screen=0, size=array([2560, 1440]), stencilBits=0, stereo=False, title='PsychoPy', units='height', useFBO=True, useRetina=False, viewOri=0.0, viewPos=None, viewScale=None, waitBlanking=True, winType='pyglet')
16.4889 	EXP 	window1: backgroundImage = ''
16.4889 	EXP 	window1: backgroundFit = 'none'
16.8525 	EXP 	window1: Attempting to measure frame rate of screen (0) ...
16.8525 	EXP 	window1: recordFrameIntervals = False
16.9767 	EXP 	window1: recordFrameIntervals = True
17.8111 	WARNING 	Couldn't measure a consistent frame rate!
  - Is your graphics card set to sync to vertical blank?
  - Are you running other processes on your computer?

18.4760 	INFO 	keyboard.Keyboard is using ptb backend.
18.4761 	EXP 	WMpsilocybin_v1: status = STARTED
18.4801 	EXP 	Created ITI_fix = Rect(__class__=<class 'psychopy.visual.rect.Rect'>, anchor=('center', 'center'), autoDraw=False, autoLog=True, closeShape=True, color=method-wrapper(...), colorSpace='rgb', contrast=None, depth=0.0, draggable=False, fillColor=array([-1, -1, -1]), fillColorSpace='rgb', fillRGB=array([-1, -1, -1]), interpolate=True, lineColor=array([-1., -1., -1.]), lineColorSpace='rgb', lineRGB=array([-1, -1, -1]), lineWidth=1.0, name='ITI_fix', opacity=1, ori=0.0, pos=array([0., 0.]), size=array([0.01, 0.01]), units='height', vertices=ndarray(...), win=Window(...))
18.4810 	EXP 	Created mem_fix = Rect(__class__=<class 'psychopy.visual.rect.Rect'>, anchor=('center', 'center'), autoDraw=False, autoLog=True, closeShape=True, color=method-wrapper(...), colorSpace='rgb', contrast=None, depth=-1.0, draggable=False, fillColor=array([-1, -1, -1]), fillColorSpace='rgb', fillRGB=array([-1, -1, -1]), interpolate=True, lineColor=array([-1., -1., -1.]), lineColorSpace='rgb', lineRGB=array([-1, -1, -1]), lineWidth=1.0, name='mem_fix', opacity=1, ori=0.0, pos=array([0., 0.]), size=array([0.01, 0.01]), units='height', vertices=ndarray(...), win=Window(...))
18.4865 	EXP 	Created memCircle = ShapeStim(__class__=<class 'psychopy.visual.shape.ShapeStim'>, anchor=('center', 'center'), autoDraw=False, autoLog=True, closeShape=True, color=method-wrapper(...), colorSpace='rgb', contrast=None, depth=-2.0, draggable=False, fillColor=array([0, 0, 0]), fillColorSpace='rgb', fillRGB=array([0, 0, 0]), interpolate=True, lineColor=array([0.00392157, 0.00392157, 0.00392157]), lineColorSpace='rgb', lineRGB=array([0.00392157, 0.00392157, 0.00392157]), lineWidth=1.0, name='memCircle', opacity=1, ori=0.0, pos=array([0., 0.]), size=array([0.45, 0.45]), units='height', vertices=ndarray(...), win=Window(...), windingRule=None)
18.4887 	EXP 	Created test_circle = ShapeStim(__class__=<class 'psychopy.visual.shape.ShapeStim'>, anchor=('center', 'center'), autoDraw=False, autoLog=True, closeShape=True, color=method-wrapper(...), colorSpace='rgb', contrast=None, depth=-3.0, draggable=False, fillColor=array([0, 0, 0]), fillColorSpace='rgb', fillRGB=array([0, 0, 0]), interpolate=True, lineColor=array([1., 1., 1.]), lineColorSpace='rgb', lineRGB=array([1, 1, 1]), lineWidth=1.0, name='test_circle', opacity=1, ori=0.0, pos=array([0., 0.]), size=array([0.45, 0.45]), units='height', vertices=ndarray(...), win=Window(...), windingRule=None)
18.4908 	EXP 	Created dot0 = ShapeStim(__class__=<class 'psychopy.visual.shape.ShapeStim'>, anchor=('center', 'center'), autoDraw=False, autoLog=True, closeShape=True, color=method-wrapper(...), colorSpace='rgb', contrast=None, depth=-4.0, draggable=False, fillColor=array([1, 1, 1]), fillColorSpace='rgb', fillRGB=array([1, 1, 1]), interpolate=True, lineColor=array([1., 1., 1.]), lineColorSpace='rgb', lineRGB=array([1, 1, 1]), lineWidth=1.0, name='dot0', opacity=1, ori=0.0, pos=array([0., 0.]), size=array([0.02, 0.02]), units='height', vertices=ndarray(...), win=Window(...), windingRule=None)
18.4929 	EXP 	Created dot1 = ShapeStim(__class__=<class 'psychopy.visual.shape.ShapeStim'>, anchor=('center', 'center'), autoDraw=False, autoLog=True, closeShape=True, color=method-wrapper(...), colorSpace='rgb', contrast=None, depth=-5.0, draggable=False, fillColor=array([1, 1, 1]), fillColorSpace='rgb', fillRGB=array([1, 1, 1]), interpolate=True, lineColor=array([1., 1., 1.]), lineColorSpace='rgb', lineRGB=array([1, 1, 1]), lineWidth=1.0, name='dot1', opacity=1, ori=0.0, pos=array([0., 0.]), size=array([0.02, 0.02]), units='height', vertices=ndarray(...), win=Window(...), windingRule=None)
18.4951 	EXP 	Created dot2 = ShapeStim(__class__=<class 'psychopy.visual.shape.ShapeStim'>, anchor=('center', 'center'), autoDraw=False, autoLog=True, closeShape=True, color=method-wrapper(...), colorSpace='rgb', contrast=None, depth=-6.0, draggable=False, fillColor=array([1, 1, 1]), fillColorSpace='rgb', fillRGB=array([1, 1, 1]), interpolate=True, lineColor=array([1., 1., 1.]), lineColorSpace='rgb', lineRGB=array([1, 1, 1]), lineWidth=1.0, name='dot2', opacity=1, ori=0.0, pos=array([0., 0.]), size=array([0.02, 0.02]), units='height', vertices=ndarray(...), win=Window(...), windingRule=None)
18.4972 	EXP 	Created dot3 = ShapeStim(__class__=<class 'psychopy.visual.shape.ShapeStim'>, anchor=('center', 'center'), autoDraw=False, autoLog=True, closeShape=True, color=method-wrapper(...), colorSpace='rgb', contrast=None, depth=-7.0, draggable=False, fillColor=array([1, 1, 1]), fillColorSpace='rgb', fillRGB=array([1, 1, 1]), interpolate=True, lineColor=array([1., 1., 1.]), lineColorSpace='rgb', lineRGB=array([1, 1, 1]), lineWidth=1.0, name='dot3', opacity=1, ori=0.0, pos=array([0., 0.]), size=array([0.02, 0.02]), units='height', vertices=ndarray(...), win=Window(...), windingRule=None)
18.4994 	EXP 	Created dot4 = ShapeStim(__class__=<class 'psychopy.visual.shape.ShapeStim'>, anchor=('center', 'center'), autoDraw=False, autoLog=True, closeShape=True, color=method-wrapper(...), colorSpace='rgb', contrast=None, depth=-8.0, draggable=False, fillColor=array([1, 1, 1]), fillColorSpace='rgb', fillRGB=array([1, 1, 1]), interpolate=True, lineColor=array([1., 1., 1.]), lineColorSpace='rgb', lineRGB=array([1, 1, 1]), lineWidth=1.0, name='dot4', opacity=1, ori=0.0, pos=array([0., 0.]), size=array([0.02, 0.02]), units='height', vertices=ndarray(...), win=Window(...), windingRule=None)
18.5002 	EXP 	Created delay_fix = Rect(__class__=<class 'psychopy.visual.rect.Rect'>, anchor=('center', 'center'), autoDraw=False, autoLog=True, closeShape=True, color=method-wrapper(...), colorSpace='rgb', contrast=None, depth=0.0, draggable=False, fillColor=array([-1, -1, -1]), fillColorSpace='rgb', fillRGB=array([-1, -1, -1]), interpolate=True, lineColor=array([-1., -1., -1.]), lineColorSpace='rgb', lineRGB=array([-1, -1, -1]), lineWidth=1.0, name='delay_fix', opacity=1, ori=0.0, pos=array([0., 0.]), size=array([0.01, 0.01]), units='height', vertices=ndarray(...), win=Window(...))
18.5009 	EXP 	Created report_fix = Rect(__class__=<class 'psychopy.visual.rect.Rect'>, anchor=('center', 'center'), autoDraw=False, autoLog=True, closeShape=True, color=method-wrapper(...), colorSpace='rgb', contrast=None, depth=-1.0, draggable=False, fillColor=array([-1, -1, -1]), fillColorSpace='rgb', fillRGB=array([-1, -1, -1]), interpolate=True, lineColor=array([-1., -1., -1.]), lineColorSpace='rgb', lineRGB=array([-1, -1, -1]), lineWidth=1.0, name='report_fix', opacity=1, ori=0.0, pos=array([0., 0.]), size=array([0.01, 0.01]), units='height', vertices=ndarray(...), win=Window(...))
18.5030 	EXP 	Created reportCircle = ShapeStim(__class__=<class 'psychopy.visual.shape.ShapeStim'>, anchor=('center', 'center'), autoDraw=False, autoLog=True, closeShape=True, color=method-wrapper(...), colorSpace='rgb', contrast=None, depth=-2.0, draggable=False, fillColor=array([0, 0, 0]), fillColorSpace='rgb', fillRGB=array([0, 0, 0]), interpolate=True, lineColor=array([1., 1., 1.]), lineColorSpace='rgb', lineRGB=array([1, 1, 1]), lineWidth=1.0, name='reportCircle', opacity=1, ori=0.0, pos=array([0., 0.]), size=array([0.45, 0.45]), units='height', vertices=ndarray(...), win=Window(...), windingRule=None)
0.0029 	EXP 	New trial (rep=0, index=0): <Trial 0 (0 in rep 0) data={'thisN': 0, 'thisTrialN': 0, 'thisRepN': 0}>
0.0075 	EXP 	ITI_fix: autoDraw = True
1.0130 	INFO 	Keyboard events cleared
1.0129 	EXP 	ITI_fix: autoDraw = False
1.0129 	EXP 	ITI_fix: autoDraw = False
1.0129 	EXP 	dot0: fillColor = 'red'
1.0129 	EXP 	dot0: borderColor = 'red'
1.0129 	EXP 	dot1: fillColor = 'green'
1.0129 	EXP 	dot1: borderColor = 'green'
1.0129 	EXP 	dot2: fillColor = 'blue'
1.0129 	EXP 	dot2: borderColor = 'blue'
1.0129 	EXP 	dot3: fillColor = 'yellow'
1.0129 	EXP 	dot3: borderColor = 'yellow'
1.0129 	EXP 	dot4: fillColor = 'magenta'
1.0129 	EXP 	dot4: borderColor = 'magenta'
1.0129 	EXP 	mem_fix: autoDraw = True
1.0129 	EXP 	memCircle: autoDraw = True
1.0129 	EXP 	test_circle: autoDraw = True
1.0129 	EXP 	dot0: autoDraw = True
1.0129 	EXP 	dot1: autoDraw = True
1.0129 	EXP 	dot2: autoDraw = True
1.0129 	EXP 	dot3: autoDraw = True
1.0129 	EXP 	dot4: autoDraw = True
2.6444 	EXP 	Device response: <KeyPress from None: t=2.544634541030973, value=space, duration=None>
2.6477 	DATA 	Keypress: space
2.6519 	WARNING 	t of last frame was 105.35ms (=1/9)
2.6519 	EXP 	mem_fix: autoDraw = False
2.6519 	EXP 	memCircle: autoDraw = False
2.6519 	EXP 	test_circle: autoDraw = False
2.6519 	EXP 	dot0: autoDraw = False
2.6519 	EXP 	dot1: autoDraw = False
2.6519 	EXP 	dot2: autoDraw = False
2.6519 	EXP 	dot3: autoDraw = False
2.6519 	EXP 	dot4: autoDraw = False
2.6519 	EXP 	delay_fix: autoDraw = True
2.6585 	EXP 	Device response: <KeyPress from None: t=2.544634541030973, value=space, duration=0.1119698749971576>
3.6512 	EXP 	delay_fix: autoDraw = False
3.6512 	EXP 	report_fix: autoDraw = True
3.6512 	EXP 	reportCircle: autoDraw = True
7.0028 	DATA 	Mouse: Left button down, pos=(2559,1440)
7.0071 	EXP 	New trial (rep=1, index=0): <Trial 1 (0 in rep 1) data={'thisN': 1, 'thisTrialN': 0, 'thisRepN': 1}>
7.0092 	WARNING 	t of last frame was 28.24ms (=1/35)
7.0092 	EXP 	report_fix: autoDraw = False
7.0092 	EXP 	reportCircle: autoDraw = False
7.0092 	EXP 	ITI_fix: autoDraw = True
7.1152 	DATA 	Mouse:  Left button up, pos=(2559,1440)
8.0097 	INFO 	Keyboard events cleared
8.0096 	EXP 	ITI_fix: autoDraw = False
8.0096 	EXP 	ITI_fix: autoDraw = False
8.0096 	EXP 	dot0: fillColor = 'red'
8.0096 	EXP 	dot0: borderColor = 'red'
8.0096 	EXP 	dot1: fillColor = 'green'
8.0096 	EXP 	dot1: borderColor = 'green'
8.0096 	EXP 	dot2: fillColor = 'blue'
8.0096 	EXP 	dot2: borderColor = 'blue'
8.0096 	EXP 	dot3: fillColor = 'yellow'
8.0096 	EXP 	dot3: borderColor = 'yellow'
8.0096 	EXP 	dot4: fillColor = 'magenta'
8.0096 	EXP 	dot4: borderColor = 'magenta'
8.0096 	EXP 	mem_fix: autoDraw = True
8.0096 	EXP 	memCircle: autoDraw = True
8.0096 	EXP 	test_circle: autoDraw = True
8.0096 	EXP 	dot0: autoDraw = True
8.0096 	EXP 	dot1: autoDraw = True
8.0096 	EXP 	dot2: autoDraw = True
8.0096 	EXP 	dot3: autoDraw = True
8.0096 	EXP 	dot4: autoDraw = True
8.4501 	EXP 	Device response: <KeyPress from None: t=8.44057887501549, value=escape, duration=None>
8.4711 	DATA 	Keypress: escape
8.4742 	WARNING 	t of last frame was 25.20ms (=1/39)
8.5834 	EXP 	Device response: <KeyPress from None: t=8.44057887501549, value=escape, duration=0.12804795801639557>
8.5834 	EXP 	WMpsilocybin_v1: status = STOPPED
8.5992 	EXP 	mem_fix: autoDraw = False
8.5992 	EXP 	memCircle: autoDraw = False
8.5992 	EXP 	test_circle: autoDraw = False
8.5992 	EXP 	dot0: autoDraw = False
8.5992 	EXP 	dot1: autoDraw = False
8.5992 	EXP 	dot2: autoDraw = False
8.5992 	EXP 	dot3: autoDraw = False
8.5992 	EXP 	dot4: autoDraw = False
8.5993 	EXP 	WMpsilocybin_v1: status = STOPPED
8.6020 	INFO 	saved data to '/Users/calebjerinic-brodeur/Dropbox (ASU)/My Mac (Calebs-MacBook-Pro.local)/Documents/GitHub/WM_Psilocybin/data/471915_WMpsilocybin_v1_2026-01-12_15h43.56.629.csv'
8.6030 	INFO 	saved data to /Users/calebjerinic-brodeur/Dropbox (ASU)/My Mac (Calebs-MacBook-Pro.local)/Documents/GitHub/WM_Psilocybin/data/471915_WMpsilocybin_v1_2026-01-12_15h43.56.629.psydat
8.7132 	WARNING 	Stopping key buffers but this could be dangerous ifother keyboards rely on the same.
