15.2105 	INFO 	Loaded monitor calibration from ['2020_06_22 15:24']
15.2211 	WARNING 	User requested fullscreen with size [1024  768], but screen is actually [2560, 1440]. Using actual size
15.3366 	INFO 	Using renderer 'Apple M1 Max' for graphics
15.3366 	INFO 	OpenGL version supported by driver is 2..
15.3512 	EXP 	Created window1 = Window(allowGUI=True, allowStencil=False, autoLog=True, backendConf=UNKNOWN, backgroundFit=<method-wrapper '__getattribute__' of attributeSetter object at 0x1703897e0>, backgroundImage=<method-wrapper '__getattribute__' of attributeSetter object at 0x170389780>, bitsMode=UNKNOWN, blendMode='avg', bpc=(8, 8, 8), color=array([0, 0, 0]), colorSpace='rgb', depthBits=8, fullscr=True, gamma=None, gammaErrorPolicy='raise', infoMsg=UNKNOWN, lms=UNKNOWN, monitor=<psychopy.monitors.calibTools.Monitor object at 0x170383520>, multiSample=False, name='window1', numSamples=2, pos=[np.float64(0.0), np.float64(0.0)], screen=0, size=array([2560, 1440]), stencilBits=0, stereo=False, title='PsychoPy', units='height', useFBO=True, useRetina=False, viewOri=0.0, viewPos=None, viewScale=None, waitBlanking=True, winType='pyglet')
15.3513 	EXP 	window1: backgroundImage = ''
15.3513 	EXP 	window1: backgroundFit = 'none'
15.7150 	EXP 	window1: Attempting to measure frame rate of screen (0) ...
15.7150 	EXP 	window1: recordFrameIntervals = False
15.8376 	EXP 	window1: recordFrameIntervals = True
16.6719 	WARNING 	Couldn't measure a consistent frame rate!
  - Is your graphics card set to sync to vertical blank?
  - Are you running other processes on your computer?

17.3328 	INFO 	keyboard.Keyboard is using ptb backend.
17.3328 	EXP 	WMpsilocybin_v1: status = STARTED
17.3365 	EXP 	Created ITI_fix = Rect(__class__=<class 'psychopy.visual.rect.Rect'>, anchor=('center', 'center'), autoDraw=False, autoLog=True, closeShape=True, color=method-wrapper(...), colorSpace='rgb', contrast=None, depth=0.0, draggable=False, fillColor=array([-1, -1, -1]), fillColorSpace='rgb', fillRGB=array([-1, -1, -1]), interpolate=True, lineColor=array([-1., -1., -1.]), lineColorSpace='rgb', lineRGB=array([-1, -1, -1]), lineWidth=1.0, name='ITI_fix', opacity=1, ori=0.0, pos=array([0., 0.]), size=array([0.01, 0.01]), units='height', vertices=ndarray(...), win=Window(...))
17.3374 	EXP 	Created mem_fix = Rect(__class__=<class 'psychopy.visual.rect.Rect'>, anchor=('center', 'center'), autoDraw=False, autoLog=True, closeShape=True, color=method-wrapper(...), colorSpace='rgb', contrast=None, depth=-1.0, draggable=False, fillColor=array([-1, -1, -1]), fillColorSpace='rgb', fillRGB=array([-1, -1, -1]), interpolate=True, lineColor=array([-1., -1., -1.]), lineColorSpace='rgb', lineRGB=array([-1, -1, -1]), lineWidth=1.0, name='mem_fix', opacity=1, ori=0.0, pos=array([0., 0.]), size=array([0.01, 0.01]), units='height', vertices=ndarray(...), win=Window(...))
17.3430 	EXP 	Created memCircle = ShapeStim(__class__=<class 'psychopy.visual.shape.ShapeStim'>, anchor=('center', 'center'), autoDraw=False, autoLog=True, closeShape=True, color=method-wrapper(...), colorSpace='rgb', contrast=None, depth=-2.0, draggable=False, fillColor=array([0, 0, 0]), fillColorSpace='rgb', fillRGB=array([0, 0, 0]), interpolate=True, lineColor=array([0.00392157, 0.00392157, 0.00392157]), lineColorSpace='rgb', lineRGB=array([0.00392157, 0.00392157, 0.00392157]), lineWidth=1.0, name='memCircle', opacity=1, ori=0.0, pos=array([0., 0.]), size=array([0.45, 0.45]), units='height', vertices=ndarray(...), win=Window(...), windingRule=None)
17.3453 	EXP 	Created test_circle = ShapeStim(__class__=<class 'psychopy.visual.shape.ShapeStim'>, anchor=('center', 'center'), autoDraw=False, autoLog=True, closeShape=True, color=method-wrapper(...), colorSpace='rgb', contrast=None, depth=-3.0, draggable=False, fillColor=array([0, 0, 0]), fillColorSpace='rgb', fillRGB=array([0, 0, 0]), interpolate=True, lineColor=array([1., 1., 1.]), lineColorSpace='rgb', lineRGB=array([1, 1, 1]), lineWidth=1.0, name='test_circle', opacity=1, ori=0.0, pos=array([0., 0.]), size=array([0.45, 0.45]), units='height', vertices=ndarray(...), win=Window(...), windingRule=None)
17.3475 	EXP 	Created dot0 = ShapeStim(__class__=<class 'psychopy.visual.shape.ShapeStim'>, anchor=('center', 'center'), autoDraw=False, autoLog=True, closeShape=True, color=method-wrapper(...), colorSpace='rgb', contrast=None, depth=-4.0, draggable=False, fillColor=array([1, 1, 1]), fillColorSpace='rgb', fillRGB=array([1, 1, 1]), interpolate=True, lineColor=array([1., 1., 1.]), lineColorSpace='rgb', lineRGB=array([1, 1, 1]), lineWidth=1.0, name='dot0', opacity=1, ori=0.0, pos=array([0., 0.]), size=array([0.02, 0.02]), units='height', vertices=ndarray(...), win=Window(...), windingRule=None)
17.3496 	EXP 	Created dot1 = ShapeStim(__class__=<class 'psychopy.visual.shape.ShapeStim'>, anchor=('center', 'center'), autoDraw=False, autoLog=True, closeShape=True, color=method-wrapper(...), colorSpace='rgb', contrast=None, depth=-5.0, draggable=False, fillColor=array([1, 1, 1]), fillColorSpace='rgb', fillRGB=array([1, 1, 1]), interpolate=True, lineColor=array([1., 1., 1.]), lineColorSpace='rgb', lineRGB=array([1, 1, 1]), lineWidth=1.0, name='dot1', opacity=1, ori=0.0, pos=array([0., 0.]), size=array([0.02, 0.02]), units='height', vertices=ndarray(...), win=Window(...), windingRule=None)
17.3517 	EXP 	Created dot2 = ShapeStim(__class__=<class 'psychopy.visual.shape.ShapeStim'>, anchor=('center', 'center'), autoDraw=False, autoLog=True, closeShape=True, color=method-wrapper(...), colorSpace='rgb', contrast=None, depth=-6.0, draggable=False, fillColor=array([1, 1, 1]), fillColorSpace='rgb', fillRGB=array([1, 1, 1]), interpolate=True, lineColor=array([1., 1., 1.]), lineColorSpace='rgb', lineRGB=array([1, 1, 1]), lineWidth=1.0, name='dot2', opacity=1, ori=0.0, pos=array([0., 0.]), size=array([0.02, 0.02]), units='height', vertices=ndarray(...), win=Window(...), windingRule=None)
17.3538 	EXP 	Created dot3 = ShapeStim(__class__=<class 'psychopy.visual.shape.ShapeStim'>, anchor=('center', 'center'), autoDraw=False, autoLog=True, closeShape=True, color=method-wrapper(...), colorSpace='rgb', contrast=None, depth=-7.0, draggable=False, fillColor=array([1, 1, 1]), fillColorSpace='rgb', fillRGB=array([1, 1, 1]), interpolate=True, lineColor=array([1., 1., 1.]), lineColorSpace='rgb', lineRGB=array([1, 1, 1]), lineWidth=1.0, name='dot3', opacity=1, ori=0.0, pos=array([0., 0.]), size=array([0.02, 0.02]), units='height', vertices=ndarray(...), win=Window(...), windingRule=None)
17.3561 	EXP 	Created dot4 = ShapeStim(__class__=<class 'psychopy.visual.shape.ShapeStim'>, anchor=('center', 'center'), autoDraw=False, autoLog=True, closeShape=True, color=method-wrapper(...), colorSpace='rgb', contrast=None, depth=-8.0, draggable=False, fillColor=array([1, 1, 1]), fillColorSpace='rgb', fillRGB=array([1, 1, 1]), interpolate=True, lineColor=array([1., 1., 1.]), lineColorSpace='rgb', lineRGB=array([1, 1, 1]), lineWidth=1.0, name='dot4', opacity=1, ori=0.0, pos=array([0., 0.]), size=array([0.02, 0.02]), units='height', vertices=ndarray(...), win=Window(...), windingRule=None)
17.3569 	EXP 	Created delay_fix = Rect(__class__=<class 'psychopy.visual.rect.Rect'>, anchor=('center', 'center'), autoDraw=False, autoLog=True, closeShape=True, color=method-wrapper(...), colorSpace='rgb', contrast=None, depth=0.0, draggable=False, fillColor=array([-1, -1, -1]), fillColorSpace='rgb', fillRGB=array([-1, -1, -1]), interpolate=True, lineColor=array([-1., -1., -1.]), lineColorSpace='rgb', lineRGB=array([-1, -1, -1]), lineWidth=1.0, name='delay_fix', opacity=1, ori=0.0, pos=array([0., 0.]), size=array([0.01, 0.01]), units='height', vertices=ndarray(...), win=Window(...))
17.3576 	EXP 	Created report_fix = Rect(__class__=<class 'psychopy.visual.rect.Rect'>, anchor=('center', 'center'), autoDraw=False, autoLog=True, closeShape=True, color=method-wrapper(...), colorSpace='rgb', contrast=None, depth=-1.0, draggable=False, fillColor=array([-1, -1, -1]), fillColorSpace='rgb', fillRGB=array([-1, -1, -1]), interpolate=True, lineColor=array([-1., -1., -1.]), lineColorSpace='rgb', lineRGB=array([-1, -1, -1]), lineWidth=1.0, name='report_fix', opacity=1, ori=0.0, pos=array([0., 0.]), size=array([0.01, 0.01]), units='height', vertices=ndarray(...), win=Window(...))
17.3597 	EXP 	Created reportCircle = ShapeStim(__class__=<class 'psychopy.visual.shape.ShapeStim'>, anchor=('center', 'center'), autoDraw=False, autoLog=True, closeShape=True, color=method-wrapper(...), colorSpace='rgb', contrast=None, depth=-2.0, draggable=False, fillColor=array([0, 0, 0]), fillColorSpace='rgb', fillRGB=array([0, 0, 0]), interpolate=True, lineColor=array([1., 1., 1.]), lineColorSpace='rgb', lineRGB=array([1, 1, 1]), lineWidth=1.0, name='reportCircle', opacity=1, ori=0.0, pos=array([0., 0.]), size=array([0.45, 0.45]), units='height', vertices=ndarray(...), win=Window(...), windingRule=None)
17.3618 	EXP 	Created cursorDot = ShapeStim(__class__=<class 'psychopy.visual.shape.ShapeStim'>, anchor=('center', 'center'), autoDraw=False, autoLog=True, closeShape=True, color=method-wrapper(...), colorSpace='rgb', contrast=None, depth=-4.0, draggable=False, fillColor=array([1, 1, 1]), fillColorSpace='rgb', fillRGB=array([1, 1, 1]), interpolate=True, lineColor=array([1., 1., 1.]), lineColorSpace='rgb', lineRGB=array([1, 1, 1]), lineWidth=1.0, name='cursorDot', opacity=1, ori=0.0, pos=array([0., 0.]), size=array([0.03, 0.03]), units='height', vertices=ndarray(...), win=Window(...), windingRule=None)
0.0034 	EXP 	New trial (rep=0, index=0): <Trial 0 (0 in rep 0) data={'thisN': 0, 'thisTrialN': 0, 'thisRepN': 0}>
0.0080 	EXP 	ITI_fix: autoDraw = True
1.0111 	INFO 	Keyboard events cleared
1.0110 	EXP 	ITI_fix: autoDraw = False
1.0110 	EXP 	ITI_fix: autoDraw = False
1.0110 	EXP 	dot0: fillColor = 'red'
1.0110 	EXP 	dot0: borderColor = 'red'
1.0110 	EXP 	dot1: fillColor = 'green'
1.0110 	EXP 	dot1: borderColor = 'green'
1.0110 	EXP 	dot2: fillColor = 'blue'
1.0110 	EXP 	dot2: borderColor = 'blue'
1.0110 	EXP 	dot3: fillColor = 'yellow'
1.0110 	EXP 	dot3: borderColor = 'yellow'
1.0110 	EXP 	dot4: fillColor = 'magenta'
1.0110 	EXP 	dot4: borderColor = 'magenta'
1.0110 	EXP 	mem_fix: autoDraw = True
1.0110 	EXP 	memCircle: autoDraw = True
1.0110 	EXP 	test_circle: autoDraw = True
1.0110 	EXP 	dot0: autoDraw = True
1.0110 	EXP 	dot1: autoDraw = True
1.0110 	EXP 	dot2: autoDraw = True
1.0110 	EXP 	dot3: autoDraw = True
1.0110 	EXP 	dot4: autoDraw = True
4.9053 	EXP 	Device response: <KeyPress from None: t=4.789170207979623, value=space, duration=None>
4.9054 	EXP 	Device response: <KeyPress from None: t=4.789170207979623, value=space, duration=0.09597545803990215>
4.9085 	DATA 	Keypress: space
4.9113 	WARNING 	t of last frame was 113.36ms (=1/8)
4.9113 	EXP 	mem_fix: autoDraw = False
4.9113 	EXP 	memCircle: autoDraw = False
4.9113 	EXP 	test_circle: autoDraw = False
4.9113 	EXP 	dot0: autoDraw = False
4.9113 	EXP 	dot1: autoDraw = False
4.9113 	EXP 	dot2: autoDraw = False
4.9113 	EXP 	dot3: autoDraw = False
4.9113 	EXP 	dot4: autoDraw = False
4.9113 	EXP 	delay_fix: autoDraw = True
5.9187 	EXP 	delay_fix: autoDraw = False
5.9187 	EXP 	delay_fix: autoDraw = False
5.9187 	EXP 	dot0: autoDraw = True
5.9187 	EXP 	dot1: autoDraw = True
5.9187 	EXP 	dot2: autoDraw = True
5.9187 	EXP 	dot3: autoDraw = True
5.9187 	EXP 	dot4: autoDraw = True
5.9187 	EXP 	dot0: fillColor = 'red'
5.9187 	EXP 	dot0: borderColor = 'red'
5.9187 	EXP 	dot1: fillColor = 'green'
5.9187 	EXP 	dot1: borderColor = 'green'
5.9187 	EXP 	dot2: fillColor = 'blue'
5.9187 	EXP 	dot2: borderColor = 'blue'
5.9187 	EXP 	dot3: fillColor = 'yellow'
5.9187 	EXP 	dot3: borderColor = 'yellow'
5.9187 	EXP 	dot4: fillColor = 'magenta'
5.9187 	EXP 	dot4: borderColor = 'magenta'
5.9187 	EXP 	cursorDot: autoDraw = True
5.9187 	EXP 	report_fix: autoDraw = True
5.9187 	EXP 	reportCircle: autoDraw = True
5.9187 	EXP 	cursorDot: autoDraw = True
7.0833 	DATA 	Mouse: Left button down, pos=(899,265)
7.0994 	EXP 	cursorDot: fillColor = 'red'
7.0994 	EXP 	cursorDot: borderColor = 'red'
7.1042 	EXP 	cursorDot: fillColor = 'red'
7.1042 	EXP 	cursorDot: borderColor = 'red'
7.1161 	EXP 	cursorDot: fillColor = 'red'
7.1161 	EXP 	cursorDot: borderColor = 'red'
7.1206 	EXP 	cursorDot: fillColor = 'red'
7.1206 	EXP 	cursorDot: borderColor = 'red'
7.1328 	EXP 	cursorDot: fillColor = 'red'
7.1328 	EXP 	cursorDot: borderColor = 'red'
7.1372 	EXP 	cursorDot: fillColor = 'red'
7.1372 	EXP 	cursorDot: borderColor = 'red'
7.1495 	EXP 	cursorDot: fillColor = 'red'
7.1495 	EXP 	cursorDot: borderColor = 'red'
7.1539 	EXP 	cursorDot: fillColor = 'red'
7.1539 	EXP 	cursorDot: borderColor = 'red'
7.1662 	EXP 	cursorDot: fillColor = 'red'
7.1662 	EXP 	cursorDot: borderColor = 'red'
7.1710 	EXP 	cursorDot: fillColor = 'red'
7.1710 	EXP 	cursorDot: borderColor = 'red'
7.1746 	DATA 	Mouse:  Left button up, pos=(899,265)
7.1828 	EXP 	cursorDot: fillColor = 'red'
7.1828 	EXP 	cursorDot: borderColor = 'red'
7.1874 	EXP 	cursorDot: fillColor = 'red'
7.1874 	EXP 	cursorDot: borderColor = 'red'
7.1996 	EXP 	cursorDot: fillColor = 'red'
7.1996 	EXP 	cursorDot: borderColor = 'red'
7.2042 	EXP 	cursorDot: fillColor = 'red'
7.2042 	EXP 	cursorDot: borderColor = 'red'
7.2163 	EXP 	cursorDot: fillColor = 'red'
7.2163 	EXP 	cursorDot: borderColor = 'red'
7.2209 	EXP 	cursorDot: fillColor = 'red'
7.2209 	EXP 	cursorDot: borderColor = 'red'
7.2329 	EXP 	cursorDot: fillColor = 'red'
7.2329 	EXP 	cursorDot: borderColor = 'red'
7.2375 	EXP 	cursorDot: fillColor = 'red'
7.2375 	EXP 	cursorDot: borderColor = 'red'
7.2496 	EXP 	cursorDot: fillColor = 'red'
7.2496 	EXP 	cursorDot: borderColor = 'red'
7.2539 	EXP 	cursorDot: fillColor = 'red'
7.2539 	EXP 	cursorDot: borderColor = 'red'
7.2662 	EXP 	cursorDot: fillColor = 'red'
7.2662 	EXP 	cursorDot: borderColor = 'red'
7.2706 	EXP 	cursorDot: fillColor = 'red'
7.2706 	EXP 	cursorDot: borderColor = 'red'
7.2830 	EXP 	cursorDot: fillColor = 'red'
7.2830 	EXP 	cursorDot: borderColor = 'red'
7.2873 	EXP 	cursorDot: fillColor = 'red'
7.2873 	EXP 	cursorDot: borderColor = 'red'
7.2996 	EXP 	cursorDot: fillColor = 'red'
7.2996 	EXP 	cursorDot: borderColor = 'red'
7.3039 	EXP 	cursorDot: fillColor = 'red'
7.3039 	EXP 	cursorDot: borderColor = 'red'
7.3163 	EXP 	cursorDot: fillColor = 'red'
7.3163 	EXP 	cursorDot: borderColor = 'red'
7.3207 	EXP 	cursorDot: fillColor = 'red'
7.3207 	EXP 	cursorDot: borderColor = 'red'
7.3330 	EXP 	cursorDot: fillColor = 'red'
7.3330 	EXP 	cursorDot: borderColor = 'red'
7.3373 	EXP 	cursorDot: fillColor = 'red'
7.3373 	EXP 	cursorDot: borderColor = 'red'
7.3497 	EXP 	cursorDot: fillColor = 'red'
7.3497 	EXP 	cursorDot: borderColor = 'red'
7.3540 	EXP 	cursorDot: fillColor = 'red'
7.3540 	EXP 	cursorDot: borderColor = 'red'
7.3664 	EXP 	cursorDot: fillColor = 'red'
7.3664 	EXP 	cursorDot: borderColor = 'red'
7.3708 	EXP 	cursorDot: fillColor = 'red'
7.3708 	EXP 	cursorDot: borderColor = 'red'
7.3833 	EXP 	cursorDot: fillColor = 'red'
7.3833 	EXP 	cursorDot: borderColor = 'red'
7.3881 	EXP 	cursorDot: fillColor = 'red'
7.3881 	EXP 	cursorDot: borderColor = 'red'
7.3997 	EXP 	cursorDot: fillColor = 'red'
7.3997 	EXP 	cursorDot: borderColor = 'red'
7.4045 	EXP 	cursorDot: fillColor = 'red'
7.4045 	EXP 	cursorDot: borderColor = 'red'
7.4164 	EXP 	cursorDot: fillColor = 'red'
7.4164 	EXP 	cursorDot: borderColor = 'red'
7.4213 	EXP 	cursorDot: fillColor = 'red'
7.4213 	EXP 	cursorDot: borderColor = 'red'
7.4331 	EXP 	cursorDot: fillColor = 'red'
7.4331 	EXP 	cursorDot: borderColor = 'red'
7.4376 	EXP 	cursorDot: fillColor = 'red'
7.4376 	EXP 	cursorDot: borderColor = 'red'
7.4497 	EXP 	cursorDot: fillColor = 'red'
7.4497 	EXP 	cursorDot: borderColor = 'red'
7.4544 	EXP 	cursorDot: fillColor = 'red'
7.4544 	EXP 	cursorDot: borderColor = 'red'
7.4665 	EXP 	cursorDot: fillColor = 'red'
7.4665 	EXP 	cursorDot: borderColor = 'red'
7.4713 	EXP 	cursorDot: fillColor = 'red'
7.4713 	EXP 	cursorDot: borderColor = 'red'
7.4830 	EXP 	cursorDot: fillColor = 'red'
7.4830 	EXP 	cursorDot: borderColor = 'red'
7.4877 	EXP 	cursorDot: fillColor = 'red'
7.4877 	EXP 	cursorDot: borderColor = 'red'
7.4997 	EXP 	cursorDot: fillColor = 'red'
7.4997 	EXP 	cursorDot: borderColor = 'red'
7.5045 	EXP 	cursorDot: fillColor = 'red'
7.5045 	EXP 	cursorDot: borderColor = 'red'
7.5166 	EXP 	cursorDot: fillColor = 'red'
7.5166 	EXP 	cursorDot: borderColor = 'red'
7.5217 	EXP 	cursorDot: fillColor = 'red'
7.5217 	EXP 	cursorDot: borderColor = 'red'
7.5332 	EXP 	cursorDot: fillColor = 'red'
7.5332 	EXP 	cursorDot: borderColor = 'red'
7.5379 	EXP 	cursorDot: fillColor = 'red'
7.5379 	EXP 	cursorDot: borderColor = 'red'
7.5498 	EXP 	cursorDot: fillColor = 'red'
7.5498 	EXP 	cursorDot: borderColor = 'red'
7.5546 	EXP 	cursorDot: fillColor = 'red'
7.5546 	EXP 	cursorDot: borderColor = 'red'
7.5665 	EXP 	cursorDot: fillColor = 'red'
7.5665 	EXP 	cursorDot: borderColor = 'red'
7.5712 	EXP 	cursorDot: fillColor = 'red'
7.5712 	EXP 	cursorDot: borderColor = 'red'
7.5831 	EXP 	cursorDot: fillColor = 'red'
7.5831 	EXP 	cursorDot: borderColor = 'red'
7.5877 	EXP 	cursorDot: fillColor = 'red'
7.5877 	EXP 	cursorDot: borderColor = 'red'
7.5998 	EXP 	cursorDot: fillColor = 'red'
7.5998 	EXP 	cursorDot: borderColor = 'red'
7.6045 	EXP 	cursorDot: fillColor = 'red'
7.6045 	EXP 	cursorDot: borderColor = 'red'
7.6165 	EXP 	cursorDot: fillColor = 'red'
7.6165 	EXP 	cursorDot: borderColor = 'red'
7.6213 	EXP 	cursorDot: fillColor = 'red'
7.6213 	EXP 	cursorDot: borderColor = 'red'
7.6332 	EXP 	cursorDot: fillColor = 'red'
7.6332 	EXP 	cursorDot: borderColor = 'red'
7.6379 	EXP 	cursorDot: fillColor = 'red'
7.6379 	EXP 	cursorDot: borderColor = 'red'
7.6499 	EXP 	cursorDot: fillColor = 'red'
7.6499 	EXP 	cursorDot: borderColor = 'red'
7.6545 	EXP 	cursorDot: fillColor = 'red'
7.6545 	EXP 	cursorDot: borderColor = 'red'
7.6666 	EXP 	cursorDot: fillColor = 'red'
7.6666 	EXP 	cursorDot: borderColor = 'red'
7.6712 	EXP 	cursorDot: fillColor = 'red'
7.6712 	EXP 	cursorDot: borderColor = 'red'
7.6833 	EXP 	cursorDot: fillColor = 'red'
7.6833 	EXP 	cursorDot: borderColor = 'red'
7.6880 	EXP 	cursorDot: fillColor = 'red'
7.6880 	EXP 	cursorDot: borderColor = 'red'
7.6999 	EXP 	cursorDot: fillColor = 'red'
7.6999 	EXP 	cursorDot: borderColor = 'red'
7.7044 	EXP 	cursorDot: fillColor = 'red'
7.7044 	EXP 	cursorDot: borderColor = 'red'
7.7166 	EXP 	cursorDot: fillColor = 'red'
7.7166 	EXP 	cursorDot: borderColor = 'red'
7.7214 	EXP 	cursorDot: fillColor = 'red'
7.7214 	EXP 	cursorDot: borderColor = 'red'
7.7333 	EXP 	cursorDot: fillColor = 'red'
7.7333 	EXP 	cursorDot: borderColor = 'red'
7.7381 	EXP 	cursorDot: fillColor = 'red'
7.7381 	EXP 	cursorDot: borderColor = 'red'
7.7500 	EXP 	cursorDot: fillColor = 'red'
7.7500 	EXP 	cursorDot: borderColor = 'red'
7.7547 	EXP 	cursorDot: fillColor = 'red'
7.7547 	EXP 	cursorDot: borderColor = 'red'
7.7667 	EXP 	cursorDot: fillColor = 'red'
7.7667 	EXP 	cursorDot: borderColor = 'red'
7.7713 	EXP 	cursorDot: fillColor = 'red'
7.7713 	EXP 	cursorDot: borderColor = 'red'
7.7834 	EXP 	cursorDot: fillColor = 'red'
7.7834 	EXP 	cursorDot: borderColor = 'red'
7.7880 	EXP 	cursorDot: fillColor = 'red'
7.7880 	EXP 	cursorDot: borderColor = 'red'
7.8000 	EXP 	cursorDot: fillColor = 'red'
7.8000 	EXP 	cursorDot: borderColor = 'red'
7.8048 	EXP 	cursorDot: fillColor = 'red'
7.8048 	EXP 	cursorDot: borderColor = 'red'
7.8166 	EXP 	cursorDot: fillColor = 'red'
7.8166 	EXP 	cursorDot: borderColor = 'red'
7.8212 	EXP 	cursorDot: fillColor = 'red'
7.8212 	EXP 	cursorDot: borderColor = 'red'
7.8334 	EXP 	cursorDot: fillColor = 'red'
7.8334 	EXP 	cursorDot: borderColor = 'red'
7.8379 	EXP 	cursorDot: fillColor = 'red'
7.8379 	EXP 	cursorDot: borderColor = 'red'
7.8500 	EXP 	cursorDot: fillColor = 'red'
7.8500 	EXP 	cursorDot: borderColor = 'red'
7.8546 	EXP 	cursorDot: fillColor = 'red'
7.8546 	EXP 	cursorDot: borderColor = 'red'
7.8668 	EXP 	cursorDot: fillColor = 'red'
7.8668 	EXP 	cursorDot: borderColor = 'red'
7.8715 	EXP 	cursorDot: fillColor = 'red'
7.8715 	EXP 	cursorDot: borderColor = 'red'
7.8834 	EXP 	cursorDot: fillColor = 'red'
7.8834 	EXP 	cursorDot: borderColor = 'red'
7.8880 	EXP 	cursorDot: fillColor = 'red'
7.8880 	EXP 	cursorDot: borderColor = 'red'
7.9001 	EXP 	cursorDot: fillColor = 'red'
7.9001 	EXP 	cursorDot: borderColor = 'red'
7.9047 	EXP 	cursorDot: fillColor = 'red'
7.9047 	EXP 	cursorDot: borderColor = 'red'
7.9168 	EXP 	cursorDot: fillColor = 'red'
7.9168 	EXP 	cursorDot: borderColor = 'red'
7.9216 	EXP 	cursorDot: fillColor = 'red'
7.9216 	EXP 	cursorDot: borderColor = 'red'
7.9334 	EXP 	cursorDot: fillColor = 'red'
7.9334 	EXP 	cursorDot: borderColor = 'red'
7.9382 	EXP 	cursorDot: fillColor = 'red'
7.9382 	EXP 	cursorDot: borderColor = 'red'
7.9502 	EXP 	cursorDot: fillColor = 'red'
7.9502 	EXP 	cursorDot: borderColor = 'red'
7.9549 	EXP 	cursorDot: fillColor = 'red'
7.9549 	EXP 	cursorDot: borderColor = 'red'
7.9668 	EXP 	cursorDot: fillColor = 'red'
7.9668 	EXP 	cursorDot: borderColor = 'red'
7.9714 	EXP 	cursorDot: fillColor = 'red'
7.9714 	EXP 	cursorDot: borderColor = 'red'
7.9835 	EXP 	cursorDot: fillColor = 'red'
7.9835 	EXP 	cursorDot: borderColor = 'red'
7.9881 	EXP 	cursorDot: fillColor = 'red'
7.9881 	EXP 	cursorDot: borderColor = 'red'
8.0002 	EXP 	cursorDot: fillColor = 'red'
8.0002 	EXP 	cursorDot: borderColor = 'red'
8.0050 	EXP 	cursorDot: fillColor = 'red'
8.0050 	EXP 	cursorDot: borderColor = 'red'
8.0168 	EXP 	cursorDot: fillColor = 'red'
8.0168 	EXP 	cursorDot: borderColor = 'red'
8.0214 	EXP 	cursorDot: fillColor = 'red'
8.0214 	EXP 	cursorDot: borderColor = 'red'
8.0335 	EXP 	cursorDot: fillColor = 'red'
8.0335 	EXP 	cursorDot: borderColor = 'red'
8.0381 	EXP 	cursorDot: fillColor = 'red'
8.0381 	EXP 	cursorDot: borderColor = 'red'
8.0502 	EXP 	cursorDot: fillColor = 'red'
8.0502 	EXP 	cursorDot: borderColor = 'red'
8.0549 	EXP 	cursorDot: fillColor = 'red'
8.0549 	EXP 	cursorDot: borderColor = 'red'
8.0669 	EXP 	cursorDot: fillColor = 'red'
8.0669 	EXP 	cursorDot: borderColor = 'red'
8.0714 	EXP 	cursorDot: fillColor = 'red'
8.0714 	EXP 	cursorDot: borderColor = 'red'
8.0836 	EXP 	cursorDot: fillColor = 'red'
8.0836 	EXP 	cursorDot: borderColor = 'red'
8.0881 	EXP 	cursorDot: fillColor = 'red'
8.0881 	EXP 	cursorDot: borderColor = 'red'
8.1003 	EXP 	cursorDot: fillColor = 'red'
8.1003 	EXP 	cursorDot: borderColor = 'red'
8.1051 	EXP 	cursorDot: fillColor = 'red'
8.1051 	EXP 	cursorDot: borderColor = 'red'
8.1169 	EXP 	cursorDot: fillColor = 'red'
8.1169 	EXP 	cursorDot: borderColor = 'red'
8.1217 	EXP 	cursorDot: fillColor = 'red'
8.1217 	EXP 	cursorDot: borderColor = 'red'
8.1336 	EXP 	cursorDot: fillColor = 'red'
8.1336 	EXP 	cursorDot: borderColor = 'red'
8.1384 	EXP 	cursorDot: fillColor = 'red'
8.1384 	EXP 	cursorDot: borderColor = 'red'
8.1502 	EXP 	cursorDot: fillColor = 'red'
8.1502 	EXP 	cursorDot: borderColor = 'red'
8.1549 	EXP 	cursorDot: fillColor = 'red'
8.1549 	EXP 	cursorDot: borderColor = 'red'
8.1669 	EXP 	cursorDot: fillColor = 'red'
8.1669 	EXP 	cursorDot: borderColor = 'red'
8.1716 	EXP 	cursorDot: fillColor = 'red'
8.1716 	EXP 	cursorDot: borderColor = 'red'
8.1836 	EXP 	cursorDot: fillColor = 'red'
8.1836 	EXP 	cursorDot: borderColor = 'red'
8.1883 	EXP 	cursorDot: fillColor = 'red'
8.1883 	EXP 	cursorDot: borderColor = 'red'
8.2003 	EXP 	cursorDot: fillColor = 'red'
8.2003 	EXP 	cursorDot: borderColor = 'red'
8.2049 	EXP 	cursorDot: fillColor = 'red'
8.2049 	EXP 	cursorDot: borderColor = 'red'
8.2170 	EXP 	cursorDot: fillColor = 'red'
8.2170 	EXP 	cursorDot: borderColor = 'red'
8.2216 	EXP 	cursorDot: fillColor = 'red'
8.2216 	EXP 	cursorDot: borderColor = 'red'
8.2337 	EXP 	cursorDot: fillColor = 'red'
8.2337 	EXP 	cursorDot: borderColor = 'red'
8.2384 	EXP 	cursorDot: fillColor = 'red'
8.2384 	EXP 	cursorDot: borderColor = 'red'
8.2504 	EXP 	cursorDot: fillColor = 'red'
8.2504 	EXP 	cursorDot: borderColor = 'red'
8.2550 	EXP 	cursorDot: fillColor = 'red'
8.2550 	EXP 	cursorDot: borderColor = 'red'
8.2671 	EXP 	cursorDot: fillColor = 'red'
8.2671 	EXP 	cursorDot: borderColor = 'red'
8.2716 	EXP 	cursorDot: fillColor = 'red'
8.2716 	EXP 	cursorDot: borderColor = 'red'
8.2837 	EXP 	cursorDot: fillColor = 'red'
8.2837 	EXP 	cursorDot: borderColor = 'red'
8.2890 	EXP 	cursorDot: fillColor = 'red'
8.2890 	EXP 	cursorDot: borderColor = 'red'
8.3004 	EXP 	cursorDot: fillColor = 'red'
8.3004 	EXP 	cursorDot: borderColor = 'red'
8.3052 	EXP 	cursorDot: fillColor = 'red'
8.3052 	EXP 	cursorDot: borderColor = 'red'
8.3171 	EXP 	cursorDot: fillColor = 'red'
8.3171 	EXP 	cursorDot: borderColor = 'red'
8.3216 	EXP 	cursorDot: fillColor = 'red'
8.3216 	EXP 	cursorDot: borderColor = 'red'
8.3338 	EXP 	cursorDot: fillColor = 'red'
8.3338 	EXP 	cursorDot: borderColor = 'red'
8.3384 	EXP 	cursorDot: fillColor = 'red'
8.3384 	EXP 	cursorDot: borderColor = 'red'
8.3504 	EXP 	cursorDot: fillColor = 'red'
8.3504 	EXP 	cursorDot: borderColor = 'red'
8.3550 	EXP 	cursorDot: fillColor = 'red'
8.3550 	EXP 	cursorDot: borderColor = 'red'
8.3671 	EXP 	cursorDot: fillColor = 'red'
8.3671 	EXP 	cursorDot: borderColor = 'red'
8.3717 	EXP 	cursorDot: fillColor = 'red'
8.3717 	EXP 	cursorDot: borderColor = 'red'
8.3838 	EXP 	cursorDot: fillColor = 'red'
8.3838 	EXP 	cursorDot: borderColor = 'red'
8.3883 	EXP 	cursorDot: fillColor = 'red'
8.3883 	EXP 	cursorDot: borderColor = 'red'
8.4006 	EXP 	cursorDot: fillColor = 'red'
8.4006 	EXP 	cursorDot: borderColor = 'red'
8.4051 	EXP 	cursorDot: fillColor = 'red'
8.4051 	EXP 	cursorDot: borderColor = 'red'
8.4172 	EXP 	cursorDot: fillColor = 'red'
8.4172 	EXP 	cursorDot: borderColor = 'red'
8.4217 	EXP 	cursorDot: fillColor = 'red'
8.4217 	EXP 	cursorDot: borderColor = 'red'
8.4340 	EXP 	cursorDot: fillColor = 'red'
8.4340 	EXP 	cursorDot: borderColor = 'red'
8.4385 	EXP 	cursorDot: fillColor = 'red'
8.4385 	EXP 	cursorDot: borderColor = 'red'
8.4506 	EXP 	cursorDot: fillColor = 'red'
8.4506 	EXP 	cursorDot: borderColor = 'red'
8.4552 	EXP 	cursorDot: fillColor = 'red'
8.4552 	EXP 	cursorDot: borderColor = 'red'
8.4672 	EXP 	cursorDot: fillColor = 'red'
8.4672 	EXP 	cursorDot: borderColor = 'red'
8.4718 	EXP 	cursorDot: fillColor = 'red'
8.4718 	EXP 	cursorDot: borderColor = 'red'
8.4840 	EXP 	cursorDot: fillColor = 'red'
8.4840 	EXP 	cursorDot: borderColor = 'red'
8.4887 	EXP 	cursorDot: fillColor = 'red'
8.4887 	EXP 	cursorDot: borderColor = 'red'
8.5006 	EXP 	cursorDot: fillColor = 'red'
8.5006 	EXP 	cursorDot: borderColor = 'red'
8.5053 	EXP 	cursorDot: fillColor = 'red'
8.5053 	EXP 	cursorDot: borderColor = 'red'
8.5172 	EXP 	cursorDot: fillColor = 'red'
8.5172 	EXP 	cursorDot: borderColor = 'red'
8.5218 	EXP 	cursorDot: fillColor = 'red'
8.5218 	EXP 	cursorDot: borderColor = 'red'
8.5340 	EXP 	cursorDot: fillColor = 'red'
8.5340 	EXP 	cursorDot: borderColor = 'red'
8.5386 	EXP 	cursorDot: fillColor = 'red'
8.5386 	EXP 	cursorDot: borderColor = 'red'
8.5506 	EXP 	cursorDot: fillColor = 'red'
8.5506 	EXP 	cursorDot: borderColor = 'red'
8.5555 	EXP 	cursorDot: fillColor = 'red'
8.5555 	EXP 	cursorDot: borderColor = 'red'
8.5673 	EXP 	cursorDot: fillColor = 'red'
8.5673 	EXP 	cursorDot: borderColor = 'red'
8.5720 	EXP 	cursorDot: fillColor = 'red'
8.5720 	EXP 	cursorDot: borderColor = 'red'
8.5840 	EXP 	cursorDot: fillColor = 'red'
8.5840 	EXP 	cursorDot: borderColor = 'red'
8.5885 	EXP 	cursorDot: fillColor = 'red'
8.5885 	EXP 	cursorDot: borderColor = 'red'
8.6007 	EXP 	cursorDot: fillColor = 'red'
8.6007 	EXP 	cursorDot: borderColor = 'red'
8.6052 	EXP 	cursorDot: fillColor = 'red'
8.6052 	EXP 	cursorDot: borderColor = 'red'
8.6174 	EXP 	cursorDot: fillColor = 'red'
8.6174 	EXP 	cursorDot: borderColor = 'red'
8.6220 	EXP 	cursorDot: fillColor = 'red'
8.6220 	EXP 	cursorDot: borderColor = 'red'
8.6340 	EXP 	cursorDot: fillColor = 'red'
8.6340 	EXP 	cursorDot: borderColor = 'red'
8.6388 	EXP 	cursorDot: fillColor = 'red'
8.6388 	EXP 	cursorDot: borderColor = 'red'
8.6507 	EXP 	cursorDot: fillColor = 'red'
8.6507 	EXP 	cursorDot: borderColor = 'red'
8.6556 	EXP 	cursorDot: fillColor = 'red'
8.6556 	EXP 	cursorDot: borderColor = 'red'
8.6674 	EXP 	cursorDot: fillColor = 'red'
8.6674 	EXP 	cursorDot: borderColor = 'red'
8.6723 	EXP 	cursorDot: fillColor = 'red'
8.6723 	EXP 	cursorDot: borderColor = 'red'
8.6841 	EXP 	cursorDot: fillColor = 'red'
8.6841 	EXP 	cursorDot: borderColor = 'red'
8.6888 	EXP 	cursorDot: fillColor = 'red'
8.6888 	EXP 	cursorDot: borderColor = 'red'
8.7007 	EXP 	cursorDot: fillColor = 'red'
8.7007 	EXP 	cursorDot: borderColor = 'red'
8.7053 	EXP 	cursorDot: fillColor = 'red'
8.7053 	EXP 	cursorDot: borderColor = 'red'
8.7174 	EXP 	cursorDot: fillColor = 'red'
8.7174 	EXP 	cursorDot: borderColor = 'red'
8.7222 	EXP 	cursorDot: fillColor = 'red'
8.7222 	EXP 	cursorDot: borderColor = 'red'
8.7341 	EXP 	cursorDot: fillColor = 'red'
8.7341 	EXP 	cursorDot: borderColor = 'red'
8.7389 	EXP 	cursorDot: fillColor = 'red'
8.7389 	EXP 	cursorDot: borderColor = 'red'
8.7509 	EXP 	cursorDot: fillColor = 'red'
8.7509 	EXP 	cursorDot: borderColor = 'red'
8.7555 	EXP 	cursorDot: fillColor = 'red'
8.7555 	EXP 	cursorDot: borderColor = 'red'
8.7674 	EXP 	cursorDot: fillColor = 'red'
8.7674 	EXP 	cursorDot: borderColor = 'red'
8.7721 	EXP 	cursorDot: fillColor = 'red'
8.7721 	EXP 	cursorDot: borderColor = 'red'
8.7841 	EXP 	cursorDot: fillColor = 'red'
8.7841 	EXP 	cursorDot: borderColor = 'red'
8.7887 	EXP 	cursorDot: fillColor = 'red'
8.7887 	EXP 	cursorDot: borderColor = 'red'
8.8008 	EXP 	cursorDot: fillColor = 'red'
8.8008 	EXP 	cursorDot: borderColor = 'red'
8.8054 	EXP 	cursorDot: fillColor = 'red'
8.8054 	EXP 	cursorDot: borderColor = 'red'
8.8175 	EXP 	cursorDot: fillColor = 'red'
8.8175 	EXP 	cursorDot: borderColor = 'red'
8.8222 	EXP 	cursorDot: fillColor = 'red'
8.8222 	EXP 	cursorDot: borderColor = 'red'
8.8342 	EXP 	cursorDot: fillColor = 'red'
8.8342 	EXP 	cursorDot: borderColor = 'red'
8.8387 	EXP 	cursorDot: fillColor = 'red'
8.8387 	EXP 	cursorDot: borderColor = 'red'
8.8509 	EXP 	cursorDot: fillColor = 'red'
8.8509 	EXP 	cursorDot: borderColor = 'red'
8.8553 	EXP 	cursorDot: fillColor = 'red'
8.8553 	EXP 	cursorDot: borderColor = 'red'
8.8676 	EXP 	cursorDot: fillColor = 'red'
8.8676 	EXP 	cursorDot: borderColor = 'red'
8.8719 	EXP 	cursorDot: fillColor = 'red'
8.8719 	EXP 	cursorDot: borderColor = 'red'
8.8843 	EXP 	cursorDot: fillColor = 'red'
8.8843 	EXP 	cursorDot: borderColor = 'red'
8.8886 	EXP 	cursorDot: fillColor = 'red'
8.8886 	EXP 	cursorDot: borderColor = 'red'
8.9009 	EXP 	cursorDot: fillColor = 'red'
8.9009 	EXP 	cursorDot: borderColor = 'red'
8.9053 	EXP 	cursorDot: fillColor = 'red'
8.9053 	EXP 	cursorDot: borderColor = 'red'
8.9176 	EXP 	cursorDot: fillColor = 'red'
8.9176 	EXP 	cursorDot: borderColor = 'red'
8.9220 	EXP 	cursorDot: fillColor = 'red'
8.9220 	EXP 	cursorDot: borderColor = 'red'
8.9343 	EXP 	cursorDot: fillColor = 'red'
8.9343 	EXP 	cursorDot: borderColor = 'red'
8.9387 	EXP 	cursorDot: fillColor = 'red'
8.9387 	EXP 	cursorDot: borderColor = 'red'
8.9510 	EXP 	cursorDot: fillColor = 'red'
8.9510 	EXP 	cursorDot: borderColor = 'red'
8.9556 	EXP 	cursorDot: fillColor = 'red'
8.9556 	EXP 	cursorDot: borderColor = 'red'
8.9676 	EXP 	cursorDot: fillColor = 'red'
8.9676 	EXP 	cursorDot: borderColor = 'red'
8.9722 	EXP 	cursorDot: fillColor = 'red'
8.9722 	EXP 	cursorDot: borderColor = 'red'
8.9843 	EXP 	cursorDot: fillColor = 'red'
8.9843 	EXP 	cursorDot: borderColor = 'red'
8.9889 	EXP 	cursorDot: fillColor = 'red'
8.9889 	EXP 	cursorDot: borderColor = 'red'
9.0010 	EXP 	cursorDot: fillColor = 'red'
9.0010 	EXP 	cursorDot: borderColor = 'red'
9.0054 	EXP 	cursorDot: fillColor = 'red'
9.0054 	EXP 	cursorDot: borderColor = 'red'
9.0177 	EXP 	cursorDot: fillColor = 'red'
9.0177 	EXP 	cursorDot: borderColor = 'red'
9.0226 	EXP 	cursorDot: fillColor = 'red'
9.0226 	EXP 	cursorDot: borderColor = 'red'
9.0344 	EXP 	cursorDot: fillColor = 'red'
9.0344 	EXP 	cursorDot: borderColor = 'red'
9.0390 	EXP 	cursorDot: fillColor = 'red'
9.0390 	EXP 	cursorDot: borderColor = 'red'
9.0510 	EXP 	cursorDot: fillColor = 'red'
9.0510 	EXP 	cursorDot: borderColor = 'red'
9.0558 	EXP 	cursorDot: fillColor = 'red'
9.0558 	EXP 	cursorDot: borderColor = 'red'
9.0677 	EXP 	cursorDot: fillColor = 'red'
9.0677 	EXP 	cursorDot: borderColor = 'red'
9.0726 	EXP 	cursorDot: fillColor = 'red'
9.0726 	EXP 	cursorDot: borderColor = 'red'
9.0844 	EXP 	cursorDot: fillColor = 'red'
9.0844 	EXP 	cursorDot: borderColor = 'red'
9.0892 	EXP 	cursorDot: fillColor = 'red'
9.0892 	EXP 	cursorDot: borderColor = 'red'
9.1011 	EXP 	cursorDot: fillColor = 'red'
9.1011 	EXP 	cursorDot: borderColor = 'red'
9.1057 	EXP 	cursorDot: fillColor = 'red'
9.1057 	EXP 	cursorDot: borderColor = 'red'
9.1178 	EXP 	cursorDot: fillColor = 'red'
9.1178 	EXP 	cursorDot: borderColor = 'red'
9.1223 	EXP 	cursorDot: fillColor = 'red'
9.1223 	EXP 	cursorDot: borderColor = 'red'
9.1345 	EXP 	cursorDot: fillColor = 'red'
9.1345 	EXP 	cursorDot: borderColor = 'red'
9.1391 	EXP 	cursorDot: fillColor = 'red'
9.1391 	EXP 	cursorDot: borderColor = 'red'
9.1511 	EXP 	cursorDot: fillColor = 'red'
9.1511 	EXP 	cursorDot: borderColor = 'red'
9.1557 	EXP 	cursorDot: fillColor = 'red'
9.1557 	EXP 	cursorDot: borderColor = 'red'
9.1678 	EXP 	cursorDot: fillColor = 'red'
9.1678 	EXP 	cursorDot: borderColor = 'red'
9.1724 	EXP 	cursorDot: fillColor = 'red'
9.1724 	EXP 	cursorDot: borderColor = 'red'
9.1845 	EXP 	cursorDot: fillColor = 'red'
9.1845 	EXP 	cursorDot: borderColor = 'red'
9.1891 	EXP 	cursorDot: fillColor = 'red'
9.1891 	EXP 	cursorDot: borderColor = 'red'
9.2012 	EXP 	cursorDot: fillColor = 'red'
9.2012 	EXP 	cursorDot: borderColor = 'red'
9.2058 	EXP 	cursorDot: fillColor = 'red'
9.2058 	EXP 	cursorDot: borderColor = 'red'
9.2178 	EXP 	cursorDot: fillColor = 'red'
9.2178 	EXP 	cursorDot: borderColor = 'red'
9.2224 	EXP 	cursorDot: fillColor = 'red'
9.2224 	EXP 	cursorDot: borderColor = 'red'
9.2345 	EXP 	cursorDot: fillColor = 'red'
9.2345 	EXP 	cursorDot: borderColor = 'red'
9.2391 	EXP 	cursorDot: fillColor = 'red'
9.2391 	EXP 	cursorDot: borderColor = 'red'
9.2512 	EXP 	cursorDot: fillColor = 'red'
9.2512 	EXP 	cursorDot: borderColor = 'red'
9.2558 	EXP 	cursorDot: fillColor = 'red'
9.2558 	EXP 	cursorDot: borderColor = 'red'
9.2679 	EXP 	cursorDot: fillColor = 'red'
9.2679 	EXP 	cursorDot: borderColor = 'red'
9.2725 	EXP 	cursorDot: fillColor = 'red'
9.2725 	EXP 	cursorDot: borderColor = 'red'
9.2846 	EXP 	cursorDot: fillColor = 'red'
9.2846 	EXP 	cursorDot: borderColor = 'red'
9.2892 	EXP 	cursorDot: fillColor = 'red'
9.2892 	EXP 	cursorDot: borderColor = 'red'
9.3013 	EXP 	cursorDot: fillColor = 'red'
9.3013 	EXP 	cursorDot: borderColor = 'red'
9.3058 	EXP 	cursorDot: fillColor = 'red'
9.3058 	EXP 	cursorDot: borderColor = 'red'
9.3179 	EXP 	cursorDot: fillColor = 'red'
9.3179 	EXP 	cursorDot: borderColor = 'red'
9.3227 	EXP 	cursorDot: fillColor = 'red'
9.3227 	EXP 	cursorDot: borderColor = 'red'
9.3348 	EXP 	cursorDot: fillColor = 'red'
9.3348 	EXP 	cursorDot: borderColor = 'red'
9.3394 	EXP 	cursorDot: fillColor = 'red'
9.3394 	EXP 	cursorDot: borderColor = 'red'
9.3513 	EXP 	cursorDot: fillColor = 'red'
9.3513 	EXP 	cursorDot: borderColor = 'red'
9.3559 	EXP 	cursorDot: fillColor = 'red'
9.3559 	EXP 	cursorDot: borderColor = 'red'
9.3680 	EXP 	cursorDot: fillColor = 'red'
9.3680 	EXP 	cursorDot: borderColor = 'red'
9.3724 	EXP 	cursorDot: fillColor = 'red'
9.3724 	EXP 	cursorDot: borderColor = 'red'
9.3847 	EXP 	cursorDot: fillColor = 'red'
9.3847 	EXP 	cursorDot: borderColor = 'red'
9.3891 	EXP 	cursorDot: fillColor = 'red'
9.3891 	EXP 	cursorDot: borderColor = 'red'
9.4014 	EXP 	cursorDot: fillColor = 'red'
9.4014 	EXP 	cursorDot: borderColor = 'red'
9.4057 	EXP 	cursorDot: fillColor = 'red'
9.4057 	EXP 	cursorDot: borderColor = 'red'
9.4180 	EXP 	cursorDot: fillColor = 'red'
9.4180 	EXP 	cursorDot: borderColor = 'red'
9.4224 	EXP 	cursorDot: fillColor = 'red'
9.4224 	EXP 	cursorDot: borderColor = 'red'
9.4347 	EXP 	cursorDot: fillColor = 'red'
9.4347 	EXP 	cursorDot: borderColor = 'red'
9.4391 	EXP 	cursorDot: fillColor = 'red'
9.4391 	EXP 	cursorDot: borderColor = 'red'
9.4514 	EXP 	cursorDot: fillColor = 'red'
9.4514 	EXP 	cursorDot: borderColor = 'red'
9.4557 	EXP 	cursorDot: fillColor = 'red'
9.4557 	EXP 	cursorDot: borderColor = 'red'
9.4680 	EXP 	cursorDot: fillColor = 'red'
9.4680 	EXP 	cursorDot: borderColor = 'red'
9.4724 	EXP 	cursorDot: fillColor = 'red'
9.4724 	EXP 	cursorDot: borderColor = 'red'
9.4847 	EXP 	cursorDot: fillColor = 'red'
9.4847 	EXP 	cursorDot: borderColor = 'red'
9.4892 	EXP 	cursorDot: fillColor = 'red'
9.4892 	EXP 	cursorDot: borderColor = 'red'
9.5014 	EXP 	cursorDot: fillColor = 'red'
9.5014 	EXP 	cursorDot: borderColor = 'red'
9.5057 	EXP 	cursorDot: fillColor = 'red'
9.5057 	EXP 	cursorDot: borderColor = 'red'
9.5181 	EXP 	cursorDot: fillColor = 'red'
9.5181 	EXP 	cursorDot: borderColor = 'red'
9.5227 	EXP 	cursorDot: fillColor = 'red'
9.5227 	EXP 	cursorDot: borderColor = 'red'
9.5348 	EXP 	cursorDot: fillColor = 'red'
9.5348 	EXP 	cursorDot: borderColor = 'red'
9.5394 	EXP 	cursorDot: fillColor = 'red'
9.5394 	EXP 	cursorDot: borderColor = 'red'
9.5515 	EXP 	cursorDot: fillColor = 'red'
9.5515 	EXP 	cursorDot: borderColor = 'red'
9.5560 	EXP 	cursorDot: fillColor = 'red'
9.5560 	EXP 	cursorDot: borderColor = 'red'
9.5681 	EXP 	cursorDot: fillColor = 'red'
9.5681 	EXP 	cursorDot: borderColor = 'red'
9.5728 	EXP 	cursorDot: fillColor = 'red'
9.5728 	EXP 	cursorDot: borderColor = 'red'
9.5848 	EXP 	cursorDot: fillColor = 'red'
9.5848 	EXP 	cursorDot: borderColor = 'red'
9.5898 	EXP 	cursorDot: fillColor = 'red'
9.5898 	EXP 	cursorDot: borderColor = 'red'
9.6015 	EXP 	cursorDot: fillColor = 'red'
9.6015 	EXP 	cursorDot: borderColor = 'red'
9.6065 	EXP 	cursorDot: fillColor = 'red'
9.6065 	EXP 	cursorDot: borderColor = 'red'
9.6182 	EXP 	cursorDot: fillColor = 'red'
9.6182 	EXP 	cursorDot: borderColor = 'red'
9.6231 	EXP 	cursorDot: fillColor = 'red'
9.6231 	EXP 	cursorDot: borderColor = 'red'
9.6349 	EXP 	cursorDot: fillColor = 'red'
9.6349 	EXP 	cursorDot: borderColor = 'red'
9.6399 	EXP 	cursorDot: fillColor = 'red'
9.6399 	EXP 	cursorDot: borderColor = 'red'
9.6516 	EXP 	cursorDot: fillColor = 'red'
9.6516 	EXP 	cursorDot: borderColor = 'red'
9.6565 	EXP 	cursorDot: fillColor = 'red'
9.6565 	EXP 	cursorDot: borderColor = 'red'
9.6682 	EXP 	cursorDot: fillColor = 'red'
9.6682 	EXP 	cursorDot: borderColor = 'red'
9.6731 	EXP 	cursorDot: fillColor = 'red'
9.6731 	EXP 	cursorDot: borderColor = 'red'
9.6849 	EXP 	cursorDot: fillColor = 'red'
9.6849 	EXP 	cursorDot: borderColor = 'red'
9.6898 	EXP 	cursorDot: fillColor = 'red'
9.6898 	EXP 	cursorDot: borderColor = 'red'
9.7016 	EXP 	cursorDot: fillColor = 'red'
9.7016 	EXP 	cursorDot: borderColor = 'red'
9.7063 	EXP 	cursorDot: fillColor = 'red'
9.7063 	EXP 	cursorDot: borderColor = 'red'
9.7183 	EXP 	cursorDot: fillColor = 'red'
9.7183 	EXP 	cursorDot: borderColor = 'red'
9.7229 	EXP 	cursorDot: fillColor = 'red'
9.7229 	EXP 	cursorDot: borderColor = 'red'
9.7349 	EXP 	cursorDot: fillColor = 'red'
9.7349 	EXP 	cursorDot: borderColor = 'red'
9.7396 	EXP 	cursorDot: fillColor = 'red'
9.7396 	EXP 	cursorDot: borderColor = 'red'
9.7516 	EXP 	cursorDot: fillColor = 'red'
9.7516 	EXP 	cursorDot: borderColor = 'red'
9.7562 	EXP 	cursorDot: fillColor = 'red'
9.7562 	EXP 	cursorDot: borderColor = 'red'
9.7683 	EXP 	cursorDot: fillColor = 'red'
9.7683 	EXP 	cursorDot: borderColor = 'red'
9.7728 	EXP 	cursorDot: fillColor = 'red'
9.7728 	EXP 	cursorDot: borderColor = 'red'
9.7850 	EXP 	cursorDot: fillColor = 'red'
9.7850 	EXP 	cursorDot: borderColor = 'red'
9.7897 	EXP 	cursorDot: fillColor = 'red'
9.7897 	EXP 	cursorDot: borderColor = 'red'
9.8017 	EXP 	cursorDot: fillColor = 'red'
9.8017 	EXP 	cursorDot: borderColor = 'red'
9.8066 	EXP 	cursorDot: fillColor = 'red'
9.8066 	EXP 	cursorDot: borderColor = 'red'
9.8183 	EXP 	cursorDot: fillColor = 'red'
9.8183 	EXP 	cursorDot: borderColor = 'red'
9.8227 	EXP 	cursorDot: fillColor = 'red'
9.8227 	EXP 	cursorDot: borderColor = 'red'
9.8350 	EXP 	cursorDot: fillColor = 'red'
9.8350 	EXP 	cursorDot: borderColor = 'red'
9.8394 	EXP 	cursorDot: fillColor = 'red'
9.8394 	EXP 	cursorDot: borderColor = 'red'
9.8517 	EXP 	cursorDot: fillColor = 'red'
9.8517 	EXP 	cursorDot: borderColor = 'red'
9.8560 	EXP 	cursorDot: fillColor = 'red'
9.8560 	EXP 	cursorDot: borderColor = 'red'
9.8684 	EXP 	cursorDot: fillColor = 'red'
9.8684 	EXP 	cursorDot: borderColor = 'red'
9.8727 	EXP 	cursorDot: fillColor = 'red'
9.8727 	EXP 	cursorDot: borderColor = 'red'
9.8851 	EXP 	cursorDot: fillColor = 'red'
9.8851 	EXP 	cursorDot: borderColor = 'red'
9.8895 	EXP 	cursorDot: fillColor = 'red'
9.8895 	EXP 	cursorDot: borderColor = 'red'
9.9017 	EXP 	cursorDot: fillColor = 'red'
9.9017 	EXP 	cursorDot: borderColor = 'red'
9.9061 	EXP 	cursorDot: fillColor = 'red'
9.9061 	EXP 	cursorDot: borderColor = 'red'
9.9184 	EXP 	cursorDot: fillColor = 'red'
9.9184 	EXP 	cursorDot: borderColor = 'red'
9.9228 	EXP 	cursorDot: fillColor = 'red'
9.9228 	EXP 	cursorDot: borderColor = 'red'
9.9351 	EXP 	cursorDot: fillColor = 'red'
9.9351 	EXP 	cursorDot: borderColor = 'red'
9.9399 	EXP 	cursorDot: fillColor = 'red'
9.9399 	EXP 	cursorDot: borderColor = 'red'
9.9518 	EXP 	cursorDot: fillColor = 'red'
9.9518 	EXP 	cursorDot: borderColor = 'red'
9.9562 	EXP 	cursorDot: fillColor = 'red'
9.9562 	EXP 	cursorDot: borderColor = 'red'
9.9685 	EXP 	cursorDot: fillColor = 'red'
9.9685 	EXP 	cursorDot: borderColor = 'red'
9.9730 	EXP 	cursorDot: fillColor = 'red'
9.9730 	EXP 	cursorDot: borderColor = 'red'
9.9853 	EXP 	cursorDot: fillColor = 'red'
9.9853 	EXP 	cursorDot: borderColor = 'red'
9.9899 	EXP 	cursorDot: fillColor = 'red'
9.9899 	EXP 	cursorDot: borderColor = 'red'
10.0018 	EXP 	cursorDot: fillColor = 'red'
10.0018 	EXP 	cursorDot: borderColor = 'red'
10.0061 	EXP 	cursorDot: fillColor = 'red'
10.0061 	EXP 	cursorDot: borderColor = 'red'
10.0185 	EXP 	cursorDot: fillColor = 'red'
10.0185 	EXP 	cursorDot: borderColor = 'red'
10.0229 	EXP 	cursorDot: fillColor = 'red'
10.0229 	EXP 	cursorDot: borderColor = 'red'
10.0353 	EXP 	cursorDot: fillColor = 'red'
10.0353 	EXP 	cursorDot: borderColor = 'red'
10.0396 	EXP 	cursorDot: fillColor = 'red'
10.0396 	EXP 	cursorDot: borderColor = 'red'
10.0520 	EXP 	cursorDot: fillColor = 'red'
10.0520 	EXP 	cursorDot: borderColor = 'red'
10.0563 	EXP 	cursorDot: fillColor = 'red'
10.0563 	EXP 	cursorDot: borderColor = 'red'
10.0686 	EXP 	cursorDot: fillColor = 'red'
10.0686 	EXP 	cursorDot: borderColor = 'red'
10.0729 	EXP 	cursorDot: fillColor = 'red'
10.0729 	EXP 	cursorDot: borderColor = 'red'
10.0853 	EXP 	cursorDot: fillColor = 'red'
10.0853 	EXP 	cursorDot: borderColor = 'red'
10.0900 	EXP 	cursorDot: fillColor = 'red'
10.0900 	EXP 	cursorDot: borderColor = 'red'
10.1020 	EXP 	cursorDot: fillColor = 'red'
10.1020 	EXP 	cursorDot: borderColor = 'red'
10.1066 	EXP 	cursorDot: fillColor = 'red'
10.1066 	EXP 	cursorDot: borderColor = 'red'
10.1186 	EXP 	cursorDot: fillColor = 'red'
10.1186 	EXP 	cursorDot: borderColor = 'red'
10.1233 	EXP 	cursorDot: fillColor = 'red'
10.1233 	EXP 	cursorDot: borderColor = 'red'
10.1353 	EXP 	cursorDot: fillColor = 'red'
10.1353 	EXP 	cursorDot: borderColor = 'red'
10.1399 	EXP 	cursorDot: fillColor = 'red'
10.1399 	EXP 	cursorDot: borderColor = 'red'
10.1520 	EXP 	cursorDot: fillColor = 'red'
10.1520 	EXP 	cursorDot: borderColor = 'red'
10.1566 	EXP 	cursorDot: fillColor = 'red'
10.1566 	EXP 	cursorDot: borderColor = 'red'
10.1686 	EXP 	cursorDot: fillColor = 'red'
10.1686 	EXP 	cursorDot: borderColor = 'red'
10.1733 	EXP 	cursorDot: fillColor = 'red'
10.1733 	EXP 	cursorDot: borderColor = 'red'
10.1853 	EXP 	cursorDot: fillColor = 'red'
10.1853 	EXP 	cursorDot: borderColor = 'red'
10.1903 	EXP 	cursorDot: fillColor = 'red'
10.1903 	EXP 	cursorDot: borderColor = 'red'
10.2020 	EXP 	cursorDot: fillColor = 'red'
10.2020 	EXP 	cursorDot: borderColor = 'red'
10.2069 	EXP 	cursorDot: fillColor = 'red'
10.2069 	EXP 	cursorDot: borderColor = 'red'
10.2188 	EXP 	cursorDot: fillColor = 'red'
10.2188 	EXP 	cursorDot: borderColor = 'red'
10.2234 	EXP 	cursorDot: fillColor = 'red'
10.2234 	EXP 	cursorDot: borderColor = 'red'
10.2354 	EXP 	cursorDot: fillColor = 'red'
10.2354 	EXP 	cursorDot: borderColor = 'red'
10.2397 	EXP 	cursorDot: fillColor = 'red'
10.2397 	EXP 	cursorDot: borderColor = 'red'
10.2521 	EXP 	cursorDot: fillColor = 'red'
10.2521 	EXP 	cursorDot: borderColor = 'red'
10.2564 	EXP 	cursorDot: fillColor = 'red'
10.2564 	EXP 	cursorDot: borderColor = 'red'
10.2687 	EXP 	cursorDot: fillColor = 'red'
10.2687 	EXP 	cursorDot: borderColor = 'red'
10.2730 	EXP 	cursorDot: fillColor = 'red'
10.2730 	EXP 	cursorDot: borderColor = 'red'
10.2854 	EXP 	cursorDot: fillColor = 'red'
10.2854 	EXP 	cursorDot: borderColor = 'red'
10.2898 	EXP 	cursorDot: fillColor = 'red'
10.2898 	EXP 	cursorDot: borderColor = 'red'
10.3021 	EXP 	cursorDot: fillColor = 'red'
10.3021 	EXP 	cursorDot: borderColor = 'red'
10.3065 	EXP 	cursorDot: fillColor = 'red'
10.3065 	EXP 	cursorDot: borderColor = 'red'
10.3188 	EXP 	cursorDot: fillColor = 'red'
10.3188 	EXP 	cursorDot: borderColor = 'red'
10.3232 	EXP 	cursorDot: fillColor = 'red'
10.3232 	EXP 	cursorDot: borderColor = 'red'
10.3354 	EXP 	cursorDot: fillColor = 'red'
10.3354 	EXP 	cursorDot: borderColor = 'red'
10.3398 	EXP 	cursorDot: fillColor = 'red'
10.3398 	EXP 	cursorDot: borderColor = 'red'
10.3521 	EXP 	cursorDot: fillColor = 'red'
10.3521 	EXP 	cursorDot: borderColor = 'red'
10.3565 	EXP 	cursorDot: fillColor = 'red'
10.3565 	EXP 	cursorDot: borderColor = 'red'
10.3688 	EXP 	cursorDot: fillColor = 'red'
10.3688 	EXP 	cursorDot: borderColor = 'red'
10.3732 	EXP 	cursorDot: fillColor = 'red'
10.3732 	EXP 	cursorDot: borderColor = 'red'
10.3855 	EXP 	cursorDot: fillColor = 'red'
10.3855 	EXP 	cursorDot: borderColor = 'red'
10.3901 	EXP 	cursorDot: fillColor = 'red'
10.3901 	EXP 	cursorDot: borderColor = 'red'
10.4022 	EXP 	cursorDot: fillColor = 'red'
10.4022 	EXP 	cursorDot: borderColor = 'red'
10.4068 	EXP 	cursorDot: fillColor = 'red'
10.4068 	EXP 	cursorDot: borderColor = 'red'
10.4190 	EXP 	cursorDot: fillColor = 'red'
10.4190 	EXP 	cursorDot: borderColor = 'red'
10.4197 	DATA 	Mouse: Left button down, pos=(1469,460)
10.4240 	EXP 	cursorDot: fillColor = 'red'
10.4240 	EXP 	cursorDot: borderColor = 'red'
10.5361 	DATA 	Mouse:  Left button up, pos=(1469,460)
11.7582 	EXP 	Device response: <KeyPress from None: t=11.757186499016825, value=escape, duration=None>
11.7819 	DATA 	Keypress: escape
11.8423 	EXP 	Device response: <KeyPress from None: t=11.757186499016825, value=escape, duration=0.07998687500366941>
11.8424 	EXP 	WMpsilocybin_v1: status = STOPPED
11.8534 	EXP 	report_fix: autoDraw = False
11.8534 	EXP 	reportCircle: autoDraw = False
11.8534 	EXP 	dot0: autoDraw = False
11.8534 	EXP 	cursorDot: autoDraw = False
11.8534 	EXP 	dot1: autoDraw = False
11.8534 	EXP 	dot2: autoDraw = False
11.8534 	EXP 	dot3: autoDraw = False
11.8534 	EXP 	dot4: autoDraw = False
11.8534 	EXP 	WMpsilocybin_v1: status = STOPPED
11.8610 	INFO 	saved data to '/Users/calebjerinic-brodeur/Dropbox (ASU)/My Mac (Calebs-MacBook-Pro.local)/Documents/GitHub/WM_Psilocybin/data/657694_WMpsilocybin_v1_2026-01-12_15h53.41.081.csv'
11.8614 	INFO 	saved data to /Users/calebjerinic-brodeur/Dropbox (ASU)/My Mac (Calebs-MacBook-Pro.local)/Documents/GitHub/WM_Psilocybin/data/657694_WMpsilocybin_v1_2026-01-12_15h53.41.081.psydat
11.9509 	WARNING 	Stopping key buffers but this could be dangerous ifother keyboards rely on the same.
