15.1101 	INFO 	Loaded monitor calibration from ['2020_06_22 15:24']
15.1184 	WARNING 	User requested fullscreen with size [1024  768], but screen is actually [2560, 1440]. Using actual size
15.2364 	INFO 	Using renderer 'Apple M1 Max' for graphics
15.2364 	INFO 	OpenGL version supported by driver is 2..
15.2512 	EXP 	Created window1 = Window(allowGUI=True, allowStencil=False, autoLog=True, backendConf=UNKNOWN, backgroundFit=<method-wrapper '__getattribute__' of attributeSetter object at 0x16c5ea920>, backgroundImage=<method-wrapper '__getattribute__' of attributeSetter object at 0x16c5ea980>, bitsMode=UNKNOWN, blendMode='avg', bpc=(8, 8, 8), color=array([0, 0, 0]), colorSpace='rgb', depthBits=8, fullscr=True, gamma=None, gammaErrorPolicy='raise', infoMsg=UNKNOWN, lms=UNKNOWN, monitor=<psychopy.monitors.calibTools.Monitor object at 0x16c146170>, multiSample=False, name='window1', numSamples=2, pos=[np.float64(0.0), np.float64(0.0)], screen=0, size=array([2560, 1440]), stencilBits=0, stereo=False, title='PsychoPy', units='height', useFBO=True, useRetina=False, viewOri=0.0, viewPos=None, viewScale=None, waitBlanking=True, winType='pyglet')
15.2513 	EXP 	window1: backgroundImage = ''
15.2513 	EXP 	window1: backgroundFit = 'none'
15.6145 	EXP 	window1: Attempting to measure frame rate of screen (0) ...
15.6146 	EXP 	window1: recordFrameIntervals = False
15.7364 	EXP 	window1: recordFrameIntervals = True
16.5709 	WARNING 	Couldn't measure a consistent frame rate!
  - Is your graphics card set to sync to vertical blank?
  - Are you running other processes on your computer?

17.2282 	INFO 	keyboard.Keyboard is using ptb backend.
17.2283 	EXP 	WMpsilocybin_v1: status = STARTED
17.2319 	EXP 	Created ITI_fix = Rect(__class__=<class 'psychopy.visual.rect.Rect'>, anchor=('center', 'center'), autoDraw=False, autoLog=True, closeShape=True, color=method-wrapper(...), colorSpace='rgb', contrast=None, depth=0.0, draggable=False, fillColor=array([-1, -1, -1]), fillColorSpace='rgb', fillRGB=array([-1, -1, -1]), interpolate=True, lineColor=array([-1., -1., -1.]), lineColorSpace='rgb', lineRGB=array([-1, -1, -1]), lineWidth=1.0, name='ITI_fix', opacity=1, ori=0.0, pos=array([0., 0.]), size=array([0.01, 0.01]), units='height', vertices=ndarray(...), win=Window(...))
17.2328 	EXP 	Created mem_fix = Rect(__class__=<class 'psychopy.visual.rect.Rect'>, anchor=('center', 'center'), autoDraw=False, autoLog=True, closeShape=True, color=method-wrapper(...), colorSpace='rgb', contrast=None, depth=-1.0, draggable=False, fillColor=array([-1, -1, -1]), fillColorSpace='rgb', fillRGB=array([-1, -1, -1]), interpolate=True, lineColor=array([-1., -1., -1.]), lineColorSpace='rgb', lineRGB=array([-1, -1, -1]), lineWidth=1.0, name='mem_fix', opacity=1, ori=0.0, pos=array([0., 0.]), size=array([0.01, 0.01]), units='height', vertices=ndarray(...), win=Window(...))
17.2382 	EXP 	Created memCircle = ShapeStim(__class__=<class 'psychopy.visual.shape.ShapeStim'>, anchor=('center', 'center'), autoDraw=False, autoLog=True, closeShape=True, color=method-wrapper(...), colorSpace='rgb', contrast=None, depth=-2.0, draggable=False, fillColor=array([0, 0, 0]), fillColorSpace='rgb', fillRGB=array([0, 0, 0]), interpolate=True, lineColor=array([0.00392157, 0.00392157, 0.00392157]), lineColorSpace='rgb', lineRGB=array([0.00392157, 0.00392157, 0.00392157]), lineWidth=1.0, name='memCircle', opacity=1, ori=0.0, pos=array([0., 0.]), size=array([0.45, 0.45]), units='height', vertices=ndarray(...), win=Window(...), windingRule=None)
17.2404 	EXP 	Created test_circle = ShapeStim(__class__=<class 'psychopy.visual.shape.ShapeStim'>, anchor=('center', 'center'), autoDraw=False, autoLog=True, closeShape=True, color=method-wrapper(...), colorSpace='rgb', contrast=None, depth=-3.0, draggable=False, fillColor=array([0, 0, 0]), fillColorSpace='rgb', fillRGB=array([0, 0, 0]), interpolate=True, lineColor=array([1., 1., 1.]), lineColorSpace='rgb', lineRGB=array([1, 1, 1]), lineWidth=1.0, name='test_circle', opacity=1, ori=0.0, pos=array([0., 0.]), size=array([0.45, 0.45]), units='height', vertices=ndarray(...), win=Window(...), windingRule=None)
17.2425 	EXP 	Created dot0 = ShapeStim(__class__=<class 'psychopy.visual.shape.ShapeStim'>, anchor=('center', 'center'), autoDraw=False, autoLog=True, closeShape=True, color=method-wrapper(...), colorSpace='rgb', contrast=None, depth=-4.0, draggable=False, fillColor=array([1, 1, 1]), fillColorSpace='rgb', fillRGB=array([1, 1, 1]), interpolate=True, lineColor=array([1., 1., 1.]), lineColorSpace='rgb', lineRGB=array([1, 1, 1]), lineWidth=1.0, name='dot0', opacity=1, ori=0.0, pos=array([0., 0.]), size=array([0.02, 0.02]), units='height', vertices=ndarray(...), win=Window(...), windingRule=None)
17.2446 	EXP 	Created dot1 = ShapeStim(__class__=<class 'psychopy.visual.shape.ShapeStim'>, anchor=('center', 'center'), autoDraw=False, autoLog=True, closeShape=True, color=method-wrapper(...), colorSpace='rgb', contrast=None, depth=-5.0, draggable=False, fillColor=array([1, 1, 1]), fillColorSpace='rgb', fillRGB=array([1, 1, 1]), interpolate=True, lineColor=array([1., 1., 1.]), lineColorSpace='rgb', lineRGB=array([1, 1, 1]), lineWidth=1.0, name='dot1', opacity=1, ori=0.0, pos=array([0., 0.]), size=array([0.02, 0.02]), units='height', vertices=ndarray(...), win=Window(...), windingRule=None)
17.2467 	EXP 	Created dot2 = ShapeStim(__class__=<class 'psychopy.visual.shape.ShapeStim'>, anchor=('center', 'center'), autoDraw=False, autoLog=True, closeShape=True, color=method-wrapper(...), colorSpace='rgb', contrast=None, depth=-6.0, draggable=False, fillColor=array([1, 1, 1]), fillColorSpace='rgb', fillRGB=array([1, 1, 1]), interpolate=True, lineColor=array([1., 1., 1.]), lineColorSpace='rgb', lineRGB=array([1, 1, 1]), lineWidth=1.0, name='dot2', opacity=1, ori=0.0, pos=array([0., 0.]), size=array([0.02, 0.02]), units='height', vertices=ndarray(...), win=Window(...), windingRule=None)
17.2488 	EXP 	Created dot3 = ShapeStim(__class__=<class 'psychopy.visual.shape.ShapeStim'>, anchor=('center', 'center'), autoDraw=False, autoLog=True, closeShape=True, color=method-wrapper(...), colorSpace='rgb', contrast=None, depth=-7.0, draggable=False, fillColor=array([1, 1, 1]), fillColorSpace='rgb', fillRGB=array([1, 1, 1]), interpolate=True, lineColor=array([1., 1., 1.]), lineColorSpace='rgb', lineRGB=array([1, 1, 1]), lineWidth=1.0, name='dot3', opacity=1, ori=0.0, pos=array([0., 0.]), size=array([0.02, 0.02]), units='height', vertices=ndarray(...), win=Window(...), windingRule=None)
17.2511 	EXP 	Created dot4 = ShapeStim(__class__=<class 'psychopy.visual.shape.ShapeStim'>, anchor=('center', 'center'), autoDraw=False, autoLog=True, closeShape=True, color=method-wrapper(...), colorSpace='rgb', contrast=None, depth=-8.0, draggable=False, fillColor=array([1, 1, 1]), fillColorSpace='rgb', fillRGB=array([1, 1, 1]), interpolate=True, lineColor=array([1., 1., 1.]), lineColorSpace='rgb', lineRGB=array([1, 1, 1]), lineWidth=1.0, name='dot4', opacity=1, ori=0.0, pos=array([0., 0.]), size=array([0.02, 0.02]), units='height', vertices=ndarray(...), win=Window(...), windingRule=None)
17.2518 	EXP 	Created delay_fix = Rect(__class__=<class 'psychopy.visual.rect.Rect'>, anchor=('center', 'center'), autoDraw=False, autoLog=True, closeShape=True, color=method-wrapper(...), colorSpace='rgb', contrast=None, depth=0.0, draggable=False, fillColor=array([-1, -1, -1]), fillColorSpace='rgb', fillRGB=array([-1, -1, -1]), interpolate=True, lineColor=array([-1., -1., -1.]), lineColorSpace='rgb', lineRGB=array([-1, -1, -1]), lineWidth=1.0, name='delay_fix', opacity=1, ori=0.0, pos=array([0., 0.]), size=array([0.01, 0.01]), units='height', vertices=ndarray(...), win=Window(...))
17.2526 	EXP 	Created report_fix = Rect(__class__=<class 'psychopy.visual.rect.Rect'>, anchor=('center', 'center'), autoDraw=False, autoLog=True, closeShape=True, color=method-wrapper(...), colorSpace='rgb', contrast=None, depth=-1.0, draggable=False, fillColor=array([-1, -1, -1]), fillColorSpace='rgb', fillRGB=array([-1, -1, -1]), interpolate=True, lineColor=array([-1., -1., -1.]), lineColorSpace='rgb', lineRGB=array([-1, -1, -1]), lineWidth=1.0, name='report_fix', opacity=1, ori=0.0, pos=array([0., 0.]), size=array([0.01, 0.01]), units='height', vertices=ndarray(...), win=Window(...))
17.2546 	EXP 	Created reportCircle = ShapeStim(__class__=<class 'psychopy.visual.shape.ShapeStim'>, anchor=('center', 'center'), autoDraw=False, autoLog=True, closeShape=True, color=method-wrapper(...), colorSpace='rgb', contrast=None, depth=-2.0, draggable=False, fillColor=array([0, 0, 0]), fillColorSpace='rgb', fillRGB=array([0, 0, 0]), interpolate=True, lineColor=array([1., 1., 1.]), lineColorSpace='rgb', lineRGB=array([1, 1, 1]), lineWidth=1.0, name='reportCircle', opacity=1, ori=0.0, pos=array([0., 0.]), size=array([0.45, 0.45]), units='height', vertices=ndarray(...), win=Window(...), windingRule=None)
0.0033 	EXP 	New trial (rep=0, index=0): <Trial 0 (0 in rep 0) data={'thisN': 0, 'thisTrialN': 0, 'thisRepN': 0}>
0.0100 	EXP 	ITI_fix: autoDraw = True
1.0137 	INFO 	Keyboard events cleared
1.0136 	EXP 	ITI_fix: autoDraw = False
1.0136 	EXP 	dot0: fillColor = 'red'
1.0136 	EXP 	dot0: borderColor = 'red'
1.0136 	EXP 	dot1: fillColor = 'green'
1.0136 	EXP 	dot1: borderColor = 'green'
1.0136 	EXP 	dot2: fillColor = 'blue'
1.0136 	EXP 	dot2: borderColor = 'blue'
1.0136 	EXP 	dot3: fillColor = 'yellow'
1.0136 	EXP 	dot3: borderColor = 'yellow'
1.0136 	EXP 	dot4: fillColor = 'magenta'
1.0136 	EXP 	dot4: borderColor = 'magenta'
1.0136 	EXP 	mem_fix: autoDraw = True
1.0136 	EXP 	memCircle: autoDraw = True
1.0136 	EXP 	test_circle: autoDraw = True
1.0136 	EXP 	dot0: autoDraw = True
1.0136 	EXP 	dot1: autoDraw = True
1.0136 	EXP 	dot2: autoDraw = True
1.0136 	EXP 	dot3: autoDraw = True
1.0136 	EXP 	dot4: autoDraw = True
2.5771 	EXP 	Device response: <KeyPress from None: t=2.4697268739691935, value=space, duration=None>
2.5773 	EXP 	Device response: <KeyPress from None: t=2.4697268739691935, value=space, duration=0.09597616700921208>
2.5802 	DATA 	Keypress: space
2.5829 	WARNING 	t of last frame was 109.44ms (=1/9)
2.5829 	EXP 	mem_fix: autoDraw = False
2.5829 	EXP 	memCircle: autoDraw = False
2.5829 	EXP 	test_circle: autoDraw = False
2.5829 	EXP 	dot0: autoDraw = False
2.5829 	EXP 	dot1: autoDraw = False
2.5829 	EXP 	dot2: autoDraw = False
2.5829 	EXP 	dot3: autoDraw = False
2.5829 	EXP 	dot4: autoDraw = False
2.5829 	EXP 	delay_fix: autoDraw = True
3.5846 	EXP 	delay_fix: autoDraw = False
3.5846 	EXP 	delay_fix: autoDraw = False
3.5846 	EXP 	dot0: autoDraw = True
3.5846 	EXP 	dot1: autoDraw = True
3.5846 	EXP 	dot2: autoDraw = True
3.5846 	EXP 	dot3: autoDraw = True
3.5846 	EXP 	dot4: autoDraw = True
3.5846 	EXP 	dot0: fillColor = 'red'
3.5846 	EXP 	dot0: borderColor = 'red'
3.5846 	EXP 	dot1: fillColor = 'green'
3.5846 	EXP 	dot1: borderColor = 'green'
3.5846 	EXP 	dot2: fillColor = 'blue'
3.5846 	EXP 	dot2: borderColor = 'blue'
3.5846 	EXP 	dot3: fillColor = 'yellow'
3.5846 	EXP 	dot3: borderColor = 'yellow'
3.5846 	EXP 	dot4: fillColor = 'magenta'
3.5846 	EXP 	dot4: borderColor = 'magenta'
3.5846 	EXP 	report_fix: autoDraw = True
3.5846 	EXP 	reportCircle: autoDraw = True
6.7107 	DATA 	Mouse: Left button down, pos=(890,266)
6.7127 	EXP 	New trial (rep=1, index=0): <Trial 1 (0 in rep 1) data={'thisN': 1, 'thisTrialN': 0, 'thisRepN': 1}>
6.7221 	EXP 	report_fix: autoDraw = False
6.7221 	EXP 	reportCircle: autoDraw = False
6.7221 	EXP 	dot0: autoDraw = False
6.7221 	EXP 	dot1: autoDraw = False
6.7221 	EXP 	dot2: autoDraw = False
6.7221 	EXP 	dot3: autoDraw = False
6.7221 	EXP 	dot4: autoDraw = False
6.7221 	EXP 	ITI_fix: autoDraw = True
6.7732 	DATA 	Mouse:  Left button up, pos=(890,266)
7.7231 	INFO 	Keyboard events cleared
7.7230 	EXP 	ITI_fix: autoDraw = False
7.7230 	EXP 	ITI_fix: autoDraw = False
7.7230 	EXP 	dot0: fillColor = 'red'
7.7230 	EXP 	dot0: borderColor = 'red'
7.7230 	EXP 	dot1: fillColor = 'green'
7.7230 	EXP 	dot1: borderColor = 'green'
7.7230 	EXP 	dot2: fillColor = 'blue'
7.7230 	EXP 	dot2: borderColor = 'blue'
7.7230 	EXP 	dot3: fillColor = 'yellow'
7.7230 	EXP 	dot3: borderColor = 'yellow'
7.7230 	EXP 	dot4: fillColor = 'magenta'
7.7230 	EXP 	dot4: borderColor = 'magenta'
7.7230 	EXP 	mem_fix: autoDraw = True
7.7230 	EXP 	memCircle: autoDraw = True
7.7230 	EXP 	test_circle: autoDraw = True
7.7230 	EXP 	dot0: autoDraw = True
7.7230 	EXP 	dot1: autoDraw = True
7.7230 	EXP 	dot2: autoDraw = True
7.7230 	EXP 	dot3: autoDraw = True
7.7230 	EXP 	dot4: autoDraw = True
9.3591 	EXP 	Device response: <KeyPress from None: t=9.349747208005283, value=escape, duration=None>
9.3853 	DATA 	Keypress: escape
9.3881 	WARNING 	t of last frame was 30.37ms (=1/32)
9.4922 	EXP 	Device response: <KeyPress from None: t=9.349747208005283, value=escape, duration=0.12794916599523276>
9.4922 	EXP 	WMpsilocybin_v1: status = STOPPED
9.4948 	EXP 	mem_fix: autoDraw = False
9.4948 	EXP 	memCircle: autoDraw = False
9.4948 	EXP 	test_circle: autoDraw = False
9.4948 	EXP 	dot0: autoDraw = False
9.4948 	EXP 	dot1: autoDraw = False
9.4948 	EXP 	dot2: autoDraw = False
9.4948 	EXP 	dot3: autoDraw = False
9.4948 	EXP 	dot4: autoDraw = False
9.4949 	EXP 	WMpsilocybin_v1: status = STOPPED
9.4981 	INFO 	saved data to '/Users/calebjerinic-brodeur/Dropbox (ASU)/My Mac (Calebs-MacBook-Pro.local)/Documents/GitHub/WM_Psilocybin/data/823824_WMpsilocybin_v1_2026-01-12_15h46.38.207.csv'
9.4991 	INFO 	saved data to /Users/calebjerinic-brodeur/Dropbox (ASU)/My Mac (Calebs-MacBook-Pro.local)/Documents/GitHub/WM_Psilocybin/data/823824_WMpsilocybin_v1_2026-01-12_15h46.38.207.psydat
9.6089 	WARNING 	Stopping key buffers but this could be dangerous ifother keyboards rely on the same.
