15.7598 	INFO 	Loaded monitor calibration from ['2020_06_22 15:24']
15.7680 	WARNING 	User requested fullscreen with size [1024  768], but screen is actually [2560, 1440]. Using actual size
15.8873 	INFO 	Using renderer 'Apple M1 Max' for graphics
15.8873 	INFO 	OpenGL version supported by driver is 2..
15.9018 	EXP 	Created window1 = Window(allowGUI=True, allowStencil=False, autoLog=True, backendConf=UNKNOWN, backgroundFit=<method-wrapper '__getattribute__' of attributeSetter object at 0x1700f7c10>, backgroundImage=<method-wrapper '__getattribute__' of attributeSetter object at 0x1700f7c70>, bitsMode=UNKNOWN, blendMode='avg', bpc=(8, 8, 8), color=array([0, 0, 0]), colorSpace='rgb', depthBits=8, fullscr=True, gamma=None, gammaErrorPolicy='raise', infoMsg=UNKNOWN, lms=UNKNOWN, monitor=<psychopy.monitors.calibTools.Monitor object at 0x1700d9ba0>, multiSample=False, name='window1', numSamples=2, pos=[np.float64(0.0), np.float64(0.0)], screen=0, size=array([2560, 1440]), stencilBits=0, stereo=False, title='PsychoPy', units='height', useFBO=True, useRetina=False, viewOri=0.0, viewPos=None, viewScale=None, waitBlanking=True, winType='pyglet')
15.9018 	EXP 	window1: backgroundImage = ''
15.9019 	EXP 	window1: backgroundFit = 'none'
16.2637 	EXP 	window1: Attempting to measure frame rate of screen (0) ...
16.2637 	EXP 	window1: recordFrameIntervals = False
16.3870 	EXP 	window1: recordFrameIntervals = True
17.2215 	WARNING 	Couldn't measure a consistent frame rate!
  - Is your graphics card set to sync to vertical blank?
  - Are you running other processes on your computer?

17.8725 	INFO 	keyboard.Keyboard is using ptb backend.
17.8725 	EXP 	WMpsilocybin_v1: status = STARTED
17.8771 	EXP 	Created ITI_fix = Rect(__class__=<class 'psychopy.visual.rect.Rect'>, anchor=('center', 'center'), autoDraw=False, autoLog=True, closeShape=True, color=method-wrapper(...), colorSpace='rgb', contrast=None, depth=0.0, draggable=False, fillColor=array([-1, -1, -1]), fillColorSpace='rgb', fillRGB=array([-1, -1, -1]), interpolate=True, lineColor=array([-1., -1., -1.]), lineColorSpace='rgb', lineRGB=array([-1, -1, -1]), lineWidth=1.0, name='ITI_fix', opacity=1, ori=0.0, pos=array([0., 0.]), size=array([0.01, 0.01]), units='height', vertices=ndarray(...), win=Window(...))
17.8780 	EXP 	Created mem_fix = Rect(__class__=<class 'psychopy.visual.rect.Rect'>, anchor=('center', 'center'), autoDraw=False, autoLog=True, closeShape=True, color=method-wrapper(...), colorSpace='rgb', contrast=None, depth=-1.0, draggable=False, fillColor=array([-1, -1, -1]), fillColorSpace='rgb', fillRGB=array([-1, -1, -1]), interpolate=True, lineColor=array([-1., -1., -1.]), lineColorSpace='rgb', lineRGB=array([-1, -1, -1]), lineWidth=1.0, name='mem_fix', opacity=1, ori=0.0, pos=array([0., 0.]), size=array([0.01, 0.01]), units='height', vertices=ndarray(...), win=Window(...))
17.8828 	EXP 	Created memCircle = ShapeStim(__class__=<class 'psychopy.visual.shape.ShapeStim'>, anchor=('center', 'center'), autoDraw=False, autoLog=True, closeShape=True, color=method-wrapper(...), colorSpace='rgb', contrast=None, depth=-2.0, draggable=False, fillColor=array([0, 0, 0]), fillColorSpace='rgb', fillRGB=array([0, 0, 0]), interpolate=True, lineColor=array([0.00392157, 0.00392157, 0.00392157]), lineColorSpace='rgb', lineRGB=array([0.00392157, 0.00392157, 0.00392157]), lineWidth=1.0, name='memCircle', opacity=1, ori=0.0, pos=array([0., 0.]), size=array([0.45, 0.45]), units='height', vertices=ndarray(...), win=Window(...), windingRule=None)
17.8850 	EXP 	Created test_circle = ShapeStim(__class__=<class 'psychopy.visual.shape.ShapeStim'>, anchor=('center', 'center'), autoDraw=False, autoLog=True, closeShape=True, color=method-wrapper(...), colorSpace='rgb', contrast=None, depth=-3.0, draggable=False, fillColor=array([0, 0, 0]), fillColorSpace='rgb', fillRGB=array([0, 0, 0]), interpolate=True, lineColor=array([1., 1., 1.]), lineColorSpace='rgb', lineRGB=array([1, 1, 1]), lineWidth=1.0, name='test_circle', opacity=1, ori=0.0, pos=array([0., 0.]), size=array([0.45, 0.45]), units='height', vertices=ndarray(...), win=Window(...), windingRule=None)
17.8872 	EXP 	Created dot0 = ShapeStim(__class__=<class 'psychopy.visual.shape.ShapeStim'>, anchor=('center', 'center'), autoDraw=False, autoLog=True, closeShape=True, color=method-wrapper(...), colorSpace='rgb', contrast=None, depth=-4.0, draggable=False, fillColor=array([1, 1, 1]), fillColorSpace='rgb', fillRGB=array([1, 1, 1]), interpolate=True, lineColor=array([1., 1., 1.]), lineColorSpace='rgb', lineRGB=array([1, 1, 1]), lineWidth=1.0, name='dot0', opacity=1, ori=0.0, pos=array([0., 0.]), size=array([0.02, 0.02]), units='height', vertices=ndarray(...), win=Window(...), windingRule=None)
17.8895 	EXP 	Created dot1 = ShapeStim(__class__=<class 'psychopy.visual.shape.ShapeStim'>, anchor=('center', 'center'), autoDraw=False, autoLog=True, closeShape=True, color=method-wrapper(...), colorSpace='rgb', contrast=None, depth=-5.0, draggable=False, fillColor=array([1, 1, 1]), fillColorSpace='rgb', fillRGB=array([1, 1, 1]), interpolate=True, lineColor=array([1., 1., 1.]), lineColorSpace='rgb', lineRGB=array([1, 1, 1]), lineWidth=1.0, name='dot1', opacity=1, ori=0.0, pos=array([0., 0.]), size=array([0.02, 0.02]), units='height', vertices=ndarray(...), win=Window(...), windingRule=None)
17.8916 	EXP 	Created dot2 = ShapeStim(__class__=<class 'psychopy.visual.shape.ShapeStim'>, anchor=('center', 'center'), autoDraw=False, autoLog=True, closeShape=True, color=method-wrapper(...), colorSpace='rgb', contrast=None, depth=-6.0, draggable=False, fillColor=array([1, 1, 1]), fillColorSpace='rgb', fillRGB=array([1, 1, 1]), interpolate=True, lineColor=array([1., 1., 1.]), lineColorSpace='rgb', lineRGB=array([1, 1, 1]), lineWidth=1.0, name='dot2', opacity=1, ori=0.0, pos=array([0., 0.]), size=array([0.02, 0.02]), units='height', vertices=ndarray(...), win=Window(...), windingRule=None)
17.8938 	EXP 	Created dot3 = ShapeStim(__class__=<class 'psychopy.visual.shape.ShapeStim'>, anchor=('center', 'center'), autoDraw=False, autoLog=True, closeShape=True, color=method-wrapper(...), colorSpace='rgb', contrast=None, depth=-7.0, draggable=False, fillColor=array([1, 1, 1]), fillColorSpace='rgb', fillRGB=array([1, 1, 1]), interpolate=True, lineColor=array([1., 1., 1.]), lineColorSpace='rgb', lineRGB=array([1, 1, 1]), lineWidth=1.0, name='dot3', opacity=1, ori=0.0, pos=array([0., 0.]), size=array([0.02, 0.02]), units='height', vertices=ndarray(...), win=Window(...), windingRule=None)
17.8960 	EXP 	Created dot4 = ShapeStim(__class__=<class 'psychopy.visual.shape.ShapeStim'>, anchor=('center', 'center'), autoDraw=False, autoLog=True, closeShape=True, color=method-wrapper(...), colorSpace='rgb', contrast=None, depth=-8.0, draggable=False, fillColor=array([1, 1, 1]), fillColorSpace='rgb', fillRGB=array([1, 1, 1]), interpolate=True, lineColor=array([1., 1., 1.]), lineColorSpace='rgb', lineRGB=array([1, 1, 1]), lineWidth=1.0, name='dot4', opacity=1, ori=0.0, pos=array([0., 0.]), size=array([0.02, 0.02]), units='height', vertices=ndarray(...), win=Window(...), windingRule=None)
17.8968 	EXP 	Created delay_fix = Rect(__class__=<class 'psychopy.visual.rect.Rect'>, anchor=('center', 'center'), autoDraw=False, autoLog=True, closeShape=True, color=method-wrapper(...), colorSpace='rgb', contrast=None, depth=0.0, draggable=False, fillColor=array([-1, -1, -1]), fillColorSpace='rgb', fillRGB=array([-1, -1, -1]), interpolate=True, lineColor=array([-1., -1., -1.]), lineColorSpace='rgb', lineRGB=array([-1, -1, -1]), lineWidth=1.0, name='delay_fix', opacity=1, ori=0.0, pos=array([0., 0.]), size=array([0.01, 0.01]), units='height', vertices=ndarray(...), win=Window(...))
17.8976 	EXP 	Created report_fix = Rect(__class__=<class 'psychopy.visual.rect.Rect'>, anchor=('center', 'center'), autoDraw=False, autoLog=True, closeShape=True, color=method-wrapper(...), colorSpace='rgb', contrast=None, depth=-1.0, draggable=False, fillColor=array([-1, -1, -1]), fillColorSpace='rgb', fillRGB=array([-1, -1, -1]), interpolate=True, lineColor=array([-1., -1., -1.]), lineColorSpace='rgb', lineRGB=array([-1, -1, -1]), lineWidth=1.0, name='report_fix', opacity=1, ori=0.0, pos=array([0., 0.]), size=array([0.01, 0.01]), units='height', vertices=ndarray(...), win=Window(...))
17.8997 	EXP 	Created reportCircle = ShapeStim(__class__=<class 'psychopy.visual.shape.ShapeStim'>, anchor=('center', 'center'), autoDraw=False, autoLog=True, closeShape=True, color=method-wrapper(...), colorSpace='rgb', contrast=None, depth=-2.0, draggable=False, fillColor=array([0, 0, 0]), fillColorSpace='rgb', fillRGB=array([0, 0, 0]), interpolate=True, lineColor=array([1., 1., 1.]), lineColorSpace='rgb', lineRGB=array([1, 1, 1]), lineWidth=1.0, name='reportCircle', opacity=1, ori=0.0, pos=array([0., 0.]), size=array([0.45, 0.45]), units='height', vertices=ndarray(...), win=Window(...), windingRule=None)
0.0030 	EXP 	New trial (rep=0, index=0): <Trial 0 (0 in rep 0) data={'thisN': 0, 'thisTrialN': 0, 'thisRepN': 0}>
0.0075 	EXP 	ITI_fix: autoDraw = True
1.0064 	INFO 	Keyboard events cleared
1.0063 	EXP 	ITI_fix: autoDraw = False
1.0063 	EXP 	ITI_fix: autoDraw = False
1.0063 	EXP 	dot0: fillColor = 'red'
1.0063 	EXP 	dot0: borderColor = 'red'
1.0063 	EXP 	dot1: fillColor = 'green'
1.0063 	EXP 	dot1: borderColor = 'green'
1.0063 	EXP 	dot2: fillColor = 'blue'
1.0063 	EXP 	dot2: borderColor = 'blue'
1.0063 	EXP 	dot3: fillColor = 'yellow'
1.0063 	EXP 	dot3: borderColor = 'yellow'
1.0063 	EXP 	dot4: fillColor = 'magenta'
1.0063 	EXP 	dot4: borderColor = 'magenta'
1.0063 	EXP 	mem_fix: autoDraw = True
1.0063 	EXP 	memCircle: autoDraw = True
1.0063 	EXP 	test_circle: autoDraw = True
1.0063 	EXP 	dot0: autoDraw = True
1.0063 	EXP 	dot1: autoDraw = True
1.0063 	EXP 	dot2: autoDraw = True
1.0063 	EXP 	dot3: autoDraw = True
1.0063 	EXP 	dot4: autoDraw = True
2.0844 	EXP 	Device response: <KeyPress from None: t=1.9612849989789538, value=space, duration=None>
2.0845 	EXP 	Device response: <KeyPress from None: t=1.9612849989789538, value=space, duration=0.0639215839910321>
2.0877 	DATA 	Keypress: space
2.0904 	WARNING 	t of last frame was 116.30ms (=1/8)
2.0904 	EXP 	mem_fix: autoDraw = False
2.0904 	EXP 	memCircle: autoDraw = False
2.0904 	EXP 	test_circle: autoDraw = False
2.0904 	EXP 	dot0: autoDraw = False
2.0904 	EXP 	dot1: autoDraw = False
2.0904 	EXP 	dot2: autoDraw = False
2.0904 	EXP 	dot3: autoDraw = False
2.0904 	EXP 	dot4: autoDraw = False
2.0904 	EXP 	delay_fix: autoDraw = True
3.0825 	EXP 	delay_fix: autoDraw = False
3.0825 	EXP 	delay_fix: autoDraw = False
3.0825 	EXP 	report_fix: autoDraw = True
3.0825 	EXP 	reportCircle: autoDraw = True
5.3476 	DATA 	Mouse: Left button down, pos=(1484,970)
5.3516 	EXP 	New trial (rep=1, index=0): <Trial 1 (0 in rep 1) data={'thisN': 1, 'thisTrialN': 0, 'thisRepN': 1}>
5.3604 	EXP 	report_fix: autoDraw = False
5.3604 	EXP 	reportCircle: autoDraw = False
5.3604 	EXP 	ITI_fix: autoDraw = True
5.4650 	DATA 	Mouse:  Left button up, pos=(1484,970)
6.3549 	INFO 	Keyboard events cleared
6.3548 	EXP 	ITI_fix: autoDraw = False
6.3548 	EXP 	ITI_fix: autoDraw = False
6.3548 	EXP 	dot0: fillColor = 'red'
6.3548 	EXP 	dot0: borderColor = 'red'
6.3548 	EXP 	dot1: fillColor = 'green'
6.3548 	EXP 	dot1: borderColor = 'green'
6.3548 	EXP 	dot2: fillColor = 'blue'
6.3548 	EXP 	dot2: borderColor = 'blue'
6.3548 	EXP 	dot3: fillColor = 'yellow'
6.3548 	EXP 	dot3: borderColor = 'yellow'
6.3548 	EXP 	dot4: fillColor = 'magenta'
6.3548 	EXP 	dot4: borderColor = 'magenta'
6.3548 	EXP 	mem_fix: autoDraw = True
6.3548 	EXP 	memCircle: autoDraw = True
6.3548 	EXP 	test_circle: autoDraw = True
6.3548 	EXP 	dot0: autoDraw = True
6.3548 	EXP 	dot1: autoDraw = True
6.3548 	EXP 	dot2: autoDraw = True
6.3548 	EXP 	dot3: autoDraw = True
6.3548 	EXP 	dot4: autoDraw = True
17.8928 	EXP 	Device response: <KeyPress from None: t=17.889201165991835, value=space, duration=None>
17.9058 	DATA 	Keypress: space
17.9086 	EXP 	mem_fix: autoDraw = False
17.9086 	EXP 	memCircle: autoDraw = False
17.9086 	EXP 	test_circle: autoDraw = False
17.9086 	EXP 	dot0: autoDraw = False
17.9086 	EXP 	dot1: autoDraw = False
17.9086 	EXP 	dot2: autoDraw = False
17.9086 	EXP 	dot3: autoDraw = False
17.9086 	EXP 	dot4: autoDraw = False
17.9086 	EXP 	delay_fix: autoDraw = True
18.0237 	EXP 	Device response: <KeyPress from None: t=17.889201165991835, value=space, duration=0.12808258295990527>
18.9124 	EXP 	delay_fix: autoDraw = False
18.9124 	EXP 	report_fix: autoDraw = True
18.9124 	EXP 	reportCircle: autoDraw = True
20.5274 	DATA 	Mouse: Left button down, pos=(957,698)
20.5281 	EXP 	New trial (rep=2, index=0): <Trial 2 (0 in rep 2) data={'thisN': 2, 'thisTrialN': 0, 'thisRepN': 2}>
20.5392 	EXP 	report_fix: autoDraw = False
20.5392 	EXP 	reportCircle: autoDraw = False
20.5392 	EXP 	ITI_fix: autoDraw = True
20.6577 	DATA 	Mouse:  Left button up, pos=(957,698)
21.2960 	EXP 	Device response: <KeyPress from None: t=21.289236707962118, value=escape, duration=None>
21.3161 	DATA 	Keypress: escape
21.3188 	WARNING 	t of last frame was 23.90ms (=1/41)
21.4077 	EXP 	Device response: <KeyPress from None: t=21.289236707962118, value=escape, duration=0.1119678330142051>
21.4077 	EXP 	WMpsilocybin_v1: status = STOPPED
21.4096 	EXP 	ITI_fix: autoDraw = False
21.4097 	EXP 	WMpsilocybin_v1: status = STOPPED
21.4135 	INFO 	saved data to '/Users/calebjerinic-brodeur/Dropbox (ASU)/My Mac (Calebs-MacBook-Pro.local)/Documents/GitHub/WM_Psilocybin/data/959239_WMpsilocybin_v1_2026-01-12_15h44.45.160.csv'
21.4146 	INFO 	saved data to /Users/calebjerinic-brodeur/Dropbox (ASU)/My Mac (Calebs-MacBook-Pro.local)/Documents/GitHub/WM_Psilocybin/data/959239_WMpsilocybin_v1_2026-01-12_15h44.45.160.psydat
21.5174 	WARNING 	Stopping key buffers but this could be dangerous ifother keyboards rely on the same.
